2017-11-02T09:49:35: ********************************************************************************
2017-11-02T09:49:35: *                                     ctbin                                    *
2017-11-02T09:49:35: * ---------------------------------------------------------------------------- *
2017-11-02T09:49:35: * Version: 1.3.0                                                               *
2017-11-02T09:49:35: ********************************************************************************
2017-11-02T09:49:54: +============+
2017-11-02T09:49:54: | Parameters |
2017-11-02T09:49:54: +============+
2017-11-02T09:49:54:  inobs .....................: events.fits
2017-11-02T09:49:54:  outcube ...................: cntcube.fits
2017-11-02T09:49:54:  ebinalg ...................: LOG
2017-11-02T09:49:54:  emin ......................: 0.03
2017-11-02T09:49:54:  emax ......................: 100.0
2017-11-02T09:49:54:  enumbins ..................: 10
2017-11-02T09:49:54:  ebinfile ..................: [not queried]
2017-11-02T09:49:54:  usepnt ....................: no
2017-11-02T09:49:54:  nxpix .....................: 200
2017-11-02T09:49:54:  nypix .....................: 200
2017-11-02T09:49:54:  binsz .....................: 0.02
2017-11-02T09:49:54:  coordsys ..................: GAL
2017-11-02T09:49:54:  proj ......................: CAR
2017-11-02T09:49:54:  xref ......................: 173.1367
2017-11-02T09:49:54:  yref ......................: 27.6989
2017-11-02T09:49:54:  publish ...................: no
2017-11-02T09:49:54:  chatter ...................: 2
2017-11-02T09:49:54:  clobber ...................: yes
2017-11-02T09:49:54:  debug .....................: no
2017-11-02T09:49:54:  mode ......................: ql
2017-11-02T09:49:54:  logfile ...................: ctbin.log
2017-11-02T09:49:54: 
2017-11-02T09:49:54: +===================+
2017-11-02T09:49:54: | Input observation |
2017-11-02T09:49:54: +===================+
2017-11-02T09:49:54: === GObservations ===
2017-11-02T09:49:54:  Number of observations ....: 1
2017-11-02T09:49:54:  Number of models ..........: 0
2017-11-02T09:49:54:  Number of observed events .: 67752
2017-11-02T09:49:54:  Number of predicted events : 0
2017-11-02T09:49:54: 
2017-11-02T09:49:54: +=================+
2017-11-02T09:49:54: | Bin observation |
2017-11-02T09:49:54: +=================+
2017-11-02T09:49:54: === CTA observation ===
2017-11-02T09:49:54:  Events in list ............: 67752
2017-11-02T09:49:54:  Events in cube ............: 0
2017-11-02T09:49:54:  Events outside RoI ........: 0
2017-11-02T09:49:54:  Events with invalid WCS ...: 0
2017-11-02T09:49:54:  Events outside cube area ..: 67752
2017-11-02T09:49:54:  Events outside energy bins : 0
2017-11-02T09:49:54: 
2017-11-02T09:49:54: +====================+
2017-11-02T09:49:54: | Binned observation |
2017-11-02T09:49:54: +====================+
2017-11-02T09:49:54: === GObservations ===
2017-11-02T09:49:54:  Number of observations ....: 1
2017-11-02T09:49:54:  Number of models ..........: 0
2017-11-02T09:49:54:  Number of observed events .: 0
2017-11-02T09:49:54:  Number of predicted events : 0
2017-11-02T09:49:54: 
2017-11-02T09:49:54: +==================+
2017-11-02T09:49:54: | Save counts cube |
2017-11-02T09:49:54: +==================+
2017-11-02T09:49:54:  Counts cube file ..........: cntcube.fits
2017-11-02T09:49:55: 
2017-11-02T09:49:55: Application "ctbin" terminated after 20 wall clock seconds, consuming 0.239137 seconds of CPU time.
