2018-04-26T14:32:59: ********************************************************************************
2018-04-26T14:32:59: *                                  cslightcrv                                  *
2018-04-26T14:32:59: * ---------------------------------------------------------------------------- *
2018-04-26T14:32:59: * Version: 1.5.1                                                               *
2018-04-26T14:32:59: ********************************************************************************
2018-04-26T14:33:14: +============+
2018-04-26T14:33:14: | Parameters |
2018-04-26T14:33:14: +============+
2018-04-26T14:33:14:  inobs .....................: events.fits
2018-04-26T14:33:14:  inmodel ...................: grb130427A_T0_100s.xml
2018-04-26T14:33:14:  srcname ...................: GRB130427A
2018-04-26T14:33:14:  caldb .....................: prod2
2018-04-26T14:33:14:  irf .......................: South_0.5h
2018-04-26T14:33:14:  inexclusion ...............: NONE
2018-04-26T14:33:14:  edisp .....................: no
2018-04-26T14:33:14:  outfile ...................: lightcurve.fits
2018-04-26T14:33:14:  tbinalg ...................: LIN
2018-04-26T14:33:14:  tmin ......................: 0.
2018-04-26T14:33:14:  tmax ......................: 100.
2018-04-26T14:33:14:  tbins .....................: 5
2018-04-26T14:33:14:  tbinfile ..................: [not queried]
2018-04-26T14:33:14:  method ....................: 3D
2018-04-26T14:33:14:  emin ......................: 0.1
2018-04-26T14:33:14:  emax ......................: 100.0
2018-04-26T14:33:14:  enumbins ..................: 0
2018-04-26T14:33:14:  coordsys ..................: [not queried]
2018-04-26T14:33:14:  proj ......................: [not queried]
2018-04-26T14:33:14:  xref ......................: [not queried]
2018-04-26T14:33:14:  yref ......................: [not queried]
2018-04-26T14:33:14:  nxpix .....................: [not queried]
2018-04-26T14:33:14:  nypix .....................: [not queried]
2018-04-26T14:33:14:  binsz .....................: [not queried]
2018-04-26T14:33:14:  srcshape ..................: CIRCLE
2018-04-26T14:33:14:  rad .......................: [not queried]
2018-04-26T14:33:14:  bkgmethod .................: REFLECTED
2018-04-26T14:33:14:  bkgregmin .................: 2
2018-04-26T14:33:14:  maxoffset .................: 4.0
2018-04-26T14:33:14:  etruemin ..................: 0.01
2018-04-26T14:33:14:  etruemax ..................: 300.0
2018-04-26T14:33:14:  etruebins .................: 30
2018-04-26T14:33:14:  statistic .................: DEFAULT
2018-04-26T14:33:14:  calc_ts ...................: yes
2018-04-26T14:33:14:  calc_ulim .................: yes
2018-04-26T14:33:14:  fix_srcs ..................: yes
2018-04-26T14:33:14:  fix_bkg ...................: no
2018-04-26T14:33:14:  publish ...................: no
2018-04-26T14:33:14:  chatter ...................: 2
2018-04-26T14:33:14:  clobber ...................: yes
2018-04-26T14:33:14:  debug .....................: no
2018-04-26T14:33:14:  mode ......................: ql
2018-04-26T14:33:14:  logfile ...................: cslightcrv.log
2018-04-26T14:33:14: 
2018-04-26T14:33:14: +=============+
2018-04-26T14:33:14: | Observation |
2018-04-26T14:33:14: +=============+
2018-04-26T14:33:14: === GObservations ===
2018-04-26T14:33:14:  Number of observations ....: 1
2018-04-26T14:33:14:  Number of models ..........: 2
2018-04-26T14:33:14:  Number of observed events .: 136419
2018-04-26T14:33:14:  Number of predicted events : 0
2018-04-26T14:33:15: 
2018-04-26T14:33:15: +======================+
2018-04-26T14:33:15: | Selected observation |
2018-04-26T14:33:15: +======================+
2018-04-26T14:33:15: 
2018-04-26T14:33:15: +=========================+
2018-04-26T14:33:15: | Adjust model parameters |
2018-04-26T14:33:15: +=========================+
2018-04-26T14:33:15: === GRB130427A ===
2018-04-26T14:33:15: === CTABackgroundModel ===
2018-04-26T14:33:15: 
2018-04-26T14:33:15: +=====================+
2018-04-26T14:33:15: | Generate lightcurve |
2018-04-26T14:33:15: +=====================+
2018-04-26T14:33:15: +----------------------------------+
2018-04-26T14:33:15: | MJD 51544.500000 - 51544.500231  |
2018-04-26T14:33:15: +----------------------------------+
2018-04-26T14:33:25: === Results ===
2018-04-26T14:33:25:  Integral ..................: 0.0015630857719367871 +/- 7.794005283181647e-05 ph/cm2/s
2018-04-26T14:33:25:  Index .....................: -2.3055371119004593 +/- 0.006357332716473134 
2018-04-26T14:33:25:  Upper flux limit ..........: 1.3281787430210316e-14 ph/cm2/s/MeV
2018-04-26T14:33:25:  Upper flux limit ..........: 1.7537439089201824e-07 ph/cm2/s
2018-04-26T14:33:25:  Upper flux limit ..........: 1.2627265427116338e-07 erg/cm2/s
2018-04-26T14:33:25:  Test Statistic ............: 148809.59623555074
2018-04-26T14:33:25: +----------------------------------+
2018-04-26T14:33:25: | MJD 51544.500231 - 51544.500463  |
2018-04-26T14:33:25: +----------------------------------+
2018-04-26T14:33:36: === Results ===
2018-04-26T14:33:36:  Integral ..................: 0.0017240399511424 +/- 8.95755220025605e-05 ph/cm2/s
2018-04-26T14:33:36:  Index .....................: -2.3194105479512794 +/- 0.006638464611059169 
2018-04-26T14:33:36:  Upper flux limit ..........: 1.3165079868675673e-14 ph/cm2/s/MeV
2018-04-26T14:33:36:  Upper flux limit ..........: 1.7383336957811918e-07 ph/cm2/s
2018-04-26T14:33:36:  Upper flux limit ..........: 1.2516309174835309e-07 erg/cm2/s
2018-04-26T14:33:36:  Test Statistic ............: 140375.7816326903
2018-04-26T14:33:36: +----------------------------------+
2018-04-26T14:33:36: | MJD 51544.500463 - 51544.500694  |
2018-04-26T14:33:36: +----------------------------------+
2018-04-26T14:33:46: === Results ===
2018-04-26T14:33:46:  Integral ..................: 0.0016720476964547275 +/- 8.764842341196014e-05 ph/cm2/s
2018-04-26T14:33:46:  Index .....................: -2.314706333448163 +/- 0.006691629775183995 
2018-04-26T14:33:46:  Upper flux limit ..........: 1.3244266670165491e-14 ph/cm2/s/MeV
2018-04-26T14:33:46:  Upper flux limit ..........: 1.7487896205962332e-07 ph/cm2/s
2018-04-26T14:33:46:  Upper flux limit ..........: 1.259159367746648e-07 erg/cm2/s
2018-04-26T14:33:46:  Test Statistic ............: 135016.01509695195
2018-04-26T14:33:46: +----------------------------------+
2018-04-26T14:33:46: | MJD 51544.500694 - 51544.500926  |
2018-04-26T14:33:46: +----------------------------------+
2018-04-26T14:33:55: === Results ===
2018-04-26T14:33:55:  Integral ..................: 0.0015814143497912374 +/- 8.490339793777564e-05 ph/cm2/s
2018-04-26T14:33:55:  Index .....................: -2.307259386839333 +/- 0.00684745342484142 
2018-04-26T14:33:55:  Upper flux limit ..........: 1.3273437301622786e-14 ph/cm2/s/MeV
2018-04-26T14:33:55:  Upper flux limit ..........: 1.7526413474444753e-07 ph/cm2/s
2018-04-26T14:33:55:  Upper flux limit ..........: 1.261932679004815e-07 erg/cm2/s
2018-04-26T14:33:55:  Test Statistic ............: 129662.7247868056
2018-04-26T14:33:55: +----------------------------------+
2018-04-26T14:33:55: | MJD 51544.500926 - 51544.501157  |
2018-04-26T14:33:55: +----------------------------------+
2018-04-26T14:34:05: === Results ===
2018-04-26T14:34:05:  Integral ..................: 0.0016507279459413557 +/- 9.186133058737962e-05 ph/cm2/s
2018-04-26T14:34:05:  Index .....................: -2.313307996480101 +/- 0.007104808125618476 
2018-04-26T14:34:05:  Upper flux limit ..........: 1.322801801711333e-14 ph/cm2/s/MeV
2018-04-26T14:34:05:  Upper flux limit ..........: 1.7466441280209215e-07 ph/cm2/s
2018-04-26T14:34:05:  Upper flux limit ..........: 1.2576145752554194e-07 erg/cm2/s
2018-04-26T14:34:05:  Test Statistic ............: 122309.45653256479
2018-04-26T14:34:05: 
2018-04-26T14:34:05: +==================+
2018-04-26T14:34:05: | Save light curve |
2018-04-26T14:34:05: +==================+
2018-04-26T14:34:05:  Light curve file ..........: lightcurve.fits
2018-04-26T14:34:05: 
2018-04-26T14:34:05: Application "cslightcrv" terminated after 66 wall clock seconds, consuming 50.419 seconds of CPU time.
