2018-03-28T15:40:05: ********************************************************************************
2018-03-28T15:40:05: *                                   ctobssim                                   *
2018-03-28T15:40:05: * ---------------------------------------------------------------------------- *
2018-03-28T15:40:05: * Version: 1.4.3                                                               *
2018-03-28T15:40:05: ********************************************************************************
2018-03-28T15:40:09: +============+
2018-03-28T15:40:09: | Parameters |
2018-03-28T15:40:09: +============+
2018-03-28T15:40:09:  inobs .....................: NONE
2018-03-28T15:40:09:  inmodel ...................: grb130427A_T0_100s.xml
2018-03-28T15:40:09:  caldb .....................: prod3b
2018-03-28T15:40:09:  irf .......................: South_z20_N_100s
2018-03-28T15:40:09:  edisp .....................: no
2018-03-28T15:40:09:  outevents .................: events.fits
2018-03-28T15:40:09:  prefix ....................: sim_events_
2018-03-28T15:40:09:  startindex ................: 1
2018-03-28T15:40:09:  seed ......................: 1
2018-03-28T15:40:09:  ra ........................: 173.1367
2018-03-28T15:40:09:  dec .......................: 27.6989
2018-03-28T15:40:09:  rad .......................: 5.0
2018-03-28T15:40:09:  tmin ......................: 0.0
2018-03-28T15:40:09:  tmax ......................: 100
2018-03-28T15:40:09:  emin ......................: 0.030
2018-03-28T15:40:09:  emax ......................: 100.0
2018-03-28T15:40:09:  deadc .....................: 0.98
2018-03-28T15:40:09:  maxrate ...................: 1.0e6
2018-03-28T15:40:09:  eslices ...................: 10
2018-03-28T15:40:09:  publish ...................: no
2018-03-28T15:40:09:  chatter ...................: 2
2018-03-28T15:40:09:  clobber ...................: yes
2018-03-28T15:40:09:  debug .....................: no
2018-03-28T15:40:09:  mode ......................: ql
2018-03-28T15:40:09:  logfile ...................: ctobssim.log
2018-03-28T15:40:09: 
2018-03-28T15:40:09: +================+
2018-03-28T15:40:09: | Execution mode |
2018-03-28T15:40:09: +================+
2018-03-28T15:40:09:  Event list management .....: Save and dispose (reduces memory needs)
2018-03-28T15:40:09:  Output format .............: Write single event list FITS file
2018-03-28T15:40:09: 
2018-03-28T15:40:09: +=============+
2018-03-28T15:40:09: | Seed values |
2018-03-28T15:40:09: +=============+
2018-03-28T15:40:09:  Seed 0 ....................: 9717486569
2018-03-28T15:40:09: 
2018-03-28T15:40:09: +===================+
2018-03-28T15:40:09: | Input observation |
2018-03-28T15:40:09: +===================+
2018-03-28T15:40:09: === GObservations ===
2018-03-28T15:40:09:  Number of observations ....: 1
2018-03-28T15:40:09:  Number of models ..........: 2
2018-03-28T15:40:09:  Number of observed events .: 0
2018-03-28T15:40:09:  Number of predicted events : 0
2018-03-28T15:40:09: 
2018-03-28T15:40:09: +======================+
2018-03-28T15:40:09: | Simulate observation |
2018-03-28T15:40:09: +======================+
2018-03-28T15:40:09: === CTA observation ===
2018-03-28T15:40:09:  Simulation cone ...........: RA=173.137 deg, Dec=27.6989 deg, radius=5.5 deg
2018-03-28T15:40:09:  Time interval .............: 0 - 100 s
2018-03-28T15:40:09:  Photon energy range .......: 30 GeV - 67.5163769541069 GeV
2018-03-28T15:40:09:  Event energy range ........: 30 GeV - 67.5163769541069 GeV
2018-03-28T15:40:09:   Simulation area ..........: 3.53476e+09 cm2
2018-03-28T15:40:09:   Use model ................: GRB130427A
2018-03-28T15:40:09:   Normalization ............: 1 [GRB130427A]
2018-03-28T15:40:09:   Flux .....................: 2.65191e-07 [GRB130427A] photons/cm2/s
2018-03-28T15:40:09:   Normalized flux ..........: 2.65191e-07 [GRB130427A] photons/cm2/s
2018-03-28T15:40:09:   Photon rate ..............: 937.384 photons/s [GRB130427A]
2018-03-28T15:40:09:   MC source photons ........: 84132 [GRB130427A]
2018-03-28T15:40:09:   MC source events .........: 22707 [GRB130427A]
2018-03-28T15:40:09:   MC source events .........: 22707 (all source models)
2018-03-28T15:40:09:  Photon energy range .......: 67.5163769541069 GeV - 151.948705233635 GeV
2018-03-28T15:40:09:  Event energy range ........: 67.5163769541069 GeV - 151.948705233635 GeV
2018-03-28T15:40:09:   Simulation area ..........: 9.50842e+09 cm2
2018-03-28T15:40:09:   Use model ................: GRB130427A
2018-03-28T15:40:09:   Normalization ............: 1 [GRB130427A]
2018-03-28T15:40:09:   Flux .....................: 1.00187e-07 [GRB130427A] photons/cm2/s
2018-03-28T15:40:09:   Normalized flux ..........: 1.00187e-07 [GRB130427A] photons/cm2/s
2018-03-28T15:40:09:   Photon rate ..............: 952.623 photons/s [GRB130427A]
2018-03-28T15:40:09:   MC source photons ........: 85804 [GRB130427A]
2018-03-28T15:40:09:   MC source events .........: 26037 [GRB130427A]
2018-03-28T15:40:09:   MC source events .........: 26037 (all source models)
2018-03-28T15:40:09:  Photon energy range .......: 151.948705233635 GeV - 341.967535341421 GeV
2018-03-28T15:40:09:  Event energy range ........: 151.948705233635 GeV - 341.967535341421 GeV
2018-03-28T15:40:09:   Simulation area ..........: 1.55857e+10 cm2
2018-03-28T15:40:09:   Use model ................: GRB130427A
2018-03-28T15:40:09:   Normalization ............: 1 [GRB130427A]
2018-03-28T15:40:09:   Flux .....................: 3.78501e-08 [GRB130427A] photons/cm2/s
2018-03-28T15:40:09:   Normalized flux ..........: 3.78501e-08 [GRB130427A] photons/cm2/s
2018-03-28T15:40:09:   Photon rate ..............: 589.922 photons/s [GRB130427A]
2018-03-28T15:40:10:   MC source photons ........: 53000 [GRB130427A]
2018-03-28T15:40:10:   MC source events .........: 20508 [GRB130427A]
2018-03-28T15:40:10:   MC source events .........: 20508 (all source models)
2018-03-28T15:40:10:  Photon energy range .......: 341.967535341421 GeV - 769.613634072608 GeV
2018-03-28T15:40:10:  Event energy range ........: 341.967535341421 GeV - 769.613634072608 GeV
2018-03-28T15:40:10:   Simulation area ..........: 2.91725e+10 cm2
2018-03-28T15:40:10:   Use model ................: GRB130427A
2018-03-28T15:40:10:   Normalization ............: 1 [GRB130427A]
2018-03-28T15:40:10:   Flux .....................: 1.42995e-08 [GRB130427A] photons/cm2/s
2018-03-28T15:40:10:   Normalized flux ..........: 1.42995e-08 [GRB130427A] photons/cm2/s
2018-03-28T15:40:10:   Photon rate ..............: 417.152 photons/s [GRB130427A]
2018-03-28T15:40:10:   MC source photons ........: 37260 [GRB130427A]
2018-03-28T15:40:10:   MC source events .........: 12538 [GRB130427A]
2018-03-28T15:40:10:   MC source events .........: 12538 (all source models)
2018-03-28T15:40:10:  Photon energy range .......: 769.613634072608 GeV - 1.73205080756888 TeV
2018-03-28T15:40:10:  Event energy range ........: 769.613634072608 GeV - 1.73205080756888 TeV
2018-03-28T15:40:10:   Simulation area ..........: 6.55501e+10 cm2
2018-03-28T15:40:10:   Use model ................: GRB130427A
2018-03-28T15:40:10:   Normalization ............: 1 [GRB130427A]
2018-03-28T15:40:10:   Flux .....................: 5.40227e-09 [GRB130427A] photons/cm2/s
2018-03-28T15:40:10:   Normalized flux ..........: 5.40227e-09 [GRB130427A] photons/cm2/s
2018-03-28T15:40:10:   Photon rate ..............: 354.119 photons/s [GRB130427A]
2018-03-28T15:40:10:   MC source photons ........: 31514 [GRB130427A]
2018-03-28T15:40:10:   MC source events .........: 10014 [GRB130427A]
2018-03-28T15:40:10:   MC source events .........: 10014 (all source models)
2018-03-28T15:40:10:  Photon energy range .......: 1.73205080756888 TeV - 3.89805984091619 TeV
2018-03-28T15:40:10:  Event energy range ........: 1.73205080756888 TeV - 3.89805984091619 TeV
2018-03-28T15:40:10:   Simulation area ..........: 8.22216e+10 cm2
2018-03-28T15:40:10:   Use model ................: GRB130427A
2018-03-28T15:40:10:   Normalization ............: 1 [GRB130427A]
2018-03-28T15:40:10:   Flux .....................: 2.04094e-09 [GRB130427A] photons/cm2/s
2018-03-28T15:40:10:   Normalized flux ..........: 2.04094e-09 [GRB130427A] photons/cm2/s
2018-03-28T15:40:10:   Photon rate ..............: 167.81 photons/s [GRB130427A]
2018-03-28T15:40:10:   MC source photons ........: 15159 [GRB130427A]
2018-03-28T15:40:10:   MC source events .........: 6626 [GRB130427A]
2018-03-28T15:40:10:   MC source events .........: 6626 (all source models)
2018-03-28T15:40:10:  Photon energy range .......: 3.89805984091619 TeV - 8.77276258696545 TeV
2018-03-28T15:40:10:  Event energy range ........: 3.89805984091619 TeV - 8.77276258696545 TeV
2018-03-28T15:40:10:   Simulation area ..........: 1.05874e+11 cm2
2018-03-28T15:40:10:   Use model ................: GRB130427A
2018-03-28T15:40:10:   Normalization ............: 1 [GRB130427A]
2018-03-28T15:40:10:   Flux .....................: 7.71055e-10 [GRB130427A] photons/cm2/s
2018-03-28T15:40:10:   Normalized flux ..........: 7.71055e-10 [GRB130427A] photons/cm2/s
2018-03-28T15:40:10:   Photon rate ..............: 81.6348 photons/s [GRB130427A]
2018-03-28T15:40:10:   MC source photons ........: 7393 [GRB130427A]
2018-03-28T15:40:10:   MC source events .........: 3042 [GRB130427A]
2018-03-28T15:40:10:   MC source events .........: 3042 (all source models)
2018-03-28T15:40:10:  Photon energy range .......: 8.77276258696545 TeV - 19.7435048583482 TeV
2018-03-28T15:40:10:  Event energy range ........: 8.77276258696545 TeV - 19.7435048583482 TeV
2018-03-28T15:40:10:   Simulation area ..........: 1.19527e+11 cm2
2018-03-28T15:40:10:   Use model ................: GRB130427A
2018-03-28T15:40:10:   Normalization ............: 1 [GRB130427A]
2018-03-28T15:40:10:   Flux .....................: 2.913e-10 [GRB130427A] photons/cm2/s
2018-03-28T15:40:10:   Normalized flux ..........: 2.913e-10 [GRB130427A] photons/cm2/s
2018-03-28T15:40:10:   Photon rate ..............: 34.8181 photons/s [GRB130427A]
2018-03-28T15:40:10:   MC source photons ........: 3180 [GRB130427A]
2018-03-28T15:40:10:   MC source events .........: 1307 [GRB130427A]
2018-03-28T15:40:10:   MC source events .........: 1307 (all source models)
2018-03-28T15:40:10:  Photon energy range .......: 19.7435048583482 TeV - 44.4336638803826 TeV
2018-03-28T15:40:10:  Event energy range ........: 19.7435048583482 TeV - 44.4336638803826 TeV
2018-03-28T15:40:10:   Simulation area ..........: 1.44402e+11 cm2
2018-03-28T15:40:10:   Use model ................: GRB130427A
2018-03-28T15:40:10:   Normalization ............: 1 [GRB130427A]
2018-03-28T15:40:10:   Flux .....................: 1.10051e-10 [GRB130427A] photons/cm2/s
2018-03-28T15:40:10:   Normalized flux ..........: 1.10051e-10 [GRB130427A] photons/cm2/s
2018-03-28T15:40:10:   Photon rate ..............: 15.8916 photons/s [GRB130427A]
2018-03-28T15:40:10:   MC source photons ........: 1450 [GRB130427A]
2018-03-28T15:40:10:   MC source events .........: 554 [GRB130427A]
2018-03-28T15:40:10:   MC source events .........: 554 (all source models)
2018-03-28T15:40:10:  Photon energy range .......: 44.4336638803826 TeV - 100 TeV
2018-03-28T15:40:10:  Event energy range ........: 44.4336638803826 TeV - 100 TeV
2018-03-28T15:40:10:   Simulation area ..........: 1.44402e+11 cm2
2018-03-28T15:40:10:   Use model ................: GRB130427A
2018-03-28T15:40:10:   Normalization ............: 1 [GRB130427A]
2018-03-28T15:40:10:   Flux .....................: 4.15766e-11 [GRB130427A] photons/cm2/s
2018-03-28T15:40:10:   Normalized flux ..........: 4.15766e-11 [GRB130427A] photons/cm2/s
2018-03-28T15:40:10:   Photon rate ..............: 6.00375 photons/s [GRB130427A]
2018-03-28T15:40:10:   MC source photons ........: 539 [GRB130427A]
2018-03-28T15:40:10:   MC source events .........: 207 [GRB130427A]
2018-03-28T15:40:10:   MC source events .........: 207 (all source models)
2018-03-28T15:40:10:  MC source photons .........: 319431 [GRB130427A]
2018-03-28T15:40:10:  MC source events ..........: 103540 [GRB130427A]
2018-03-28T15:40:11:  MC events outside ROI .....: 0
2018-03-28T15:40:11:  MC background events ......: 32879
2018-03-28T15:40:11:  MC identifier 1 ...........: GRB130427A
2018-03-28T15:40:11:  MC identifier 2 ...........: CTABackgroundModel
2018-03-28T15:40:11:  MC events .................: 136419 (all models)
2018-03-28T15:40:11: 
2018-03-28T15:40:11: +==================+
2018-03-28T15:40:11: | Save observation |
2018-03-28T15:40:11: +==================+
2018-03-28T15:40:11: 
2018-03-28T15:40:11: Application "ctobssim" terminated after 6 wall clock seconds, consuming 2.03894 seconds of CPU time.
