2017-11-02T09:56:20: ********************************************************************************
2017-11-02T09:56:20: *                                     ctbin                                    *
2017-11-02T09:56:20: * ---------------------------------------------------------------------------- *
2017-11-02T09:56:20: * Version: 1.3.0                                                               *
2017-11-02T09:56:20: ********************************************************************************
2017-11-02T09:56:27: +============+
2017-11-02T09:56:27: | Parameters |
2017-11-02T09:56:27: +============+
2017-11-02T09:56:27:  inobs .....................: events.fits
2017-11-02T09:56:27:  outcube ...................: cntcube.fits
2017-11-02T09:56:27:  ebinalg ...................: LOG
2017-11-02T09:56:27:  emin ......................: 0.03
2017-11-02T09:56:27:  emax ......................: 100.0
2017-11-02T09:56:27:  enumbins ..................: 10
2017-11-02T09:56:27:  ebinfile ..................: [not queried]
2017-11-02T09:56:27:  usepnt ....................: no
2017-11-02T09:56:27:  nxpix .....................: 200
2017-11-02T09:56:27:  nypix .....................: 200
2017-11-02T09:56:27:  binsz .....................: 0.02
2017-11-02T09:56:27:  coordsys ..................: GAL
2017-11-02T09:56:27:  proj ......................: CAR
2017-11-02T09:56:27:  xref ......................: 173.1367
2017-11-02T09:56:27:  yref ......................: 27.6989
2017-11-02T09:56:27:  publish ...................: no
2017-11-02T09:56:27:  chatter ...................: 2
2017-11-02T09:56:27:  clobber ...................: yes
2017-11-02T09:56:27:  debug .....................: no
2017-11-02T09:56:27:  mode ......................: ql
2017-11-02T09:56:27:  logfile ...................: ctbin.log
2017-11-02T09:56:27: 
2017-11-02T09:56:27: +===================+
2017-11-02T09:56:27: | Input observation |
2017-11-02T09:56:27: +===================+
2017-11-02T09:56:27: === GObservations ===
2017-11-02T09:56:27:  Number of observations ....: 1
2017-11-02T09:56:27:  Number of models ..........: 0
2017-11-02T09:56:27:  Number of observed events .: 5264
2017-11-02T09:56:27:  Number of predicted events : 0
2017-11-02T09:56:27: 
2017-11-02T09:56:27: +=================+
2017-11-02T09:56:27: | Bin observation |
2017-11-02T09:56:27: +=================+
2017-11-02T09:56:27: === CTA observation ===
2017-11-02T09:56:27:  Events in list ............: 5264
2017-11-02T09:56:27:  Events in cube ............: 0
2017-11-02T09:56:27:  Events outside RoI ........: 0
2017-11-02T09:56:27:  Events with invalid WCS ...: 0
2017-11-02T09:56:27:  Events outside cube area ..: 5264
2017-11-02T09:56:27:  Events outside energy bins : 0
2017-11-02T09:56:27: 
2017-11-02T09:56:27: +====================+
2017-11-02T09:56:27: | Binned observation |
2017-11-02T09:56:27: +====================+
2017-11-02T09:56:27: === GObservations ===
2017-11-02T09:56:27:  Number of observations ....: 1
2017-11-02T09:56:27:  Number of models ..........: 0
2017-11-02T09:56:27:  Number of observed events .: 0
2017-11-02T09:56:27:  Number of predicted events : 0
2017-11-02T09:56:27: 
2017-11-02T09:56:27: +==================+
2017-11-02T09:56:27: | Save counts cube |
2017-11-02T09:56:27: +==================+
2017-11-02T09:56:27:  Counts cube file ..........: cntcube.fits
2017-11-02T09:56:27: 
2017-11-02T09:56:27: Application "ctbin" terminated after 7 wall clock seconds, consuming 0.186521 seconds of CPU time.
