2017-11-02T09:55:48: ********************************************************************************
2017-11-02T09:55:48: *                                   ctobssim                                   *
2017-11-02T09:55:48: * ---------------------------------------------------------------------------- *
2017-11-02T09:55:48: * Version: 1.3.0                                                               *
2017-11-02T09:55:48: ********************************************************************************
2017-11-02T09:55:57: +============+
2017-11-02T09:55:57: | Parameters |
2017-11-02T09:55:57: +============+
2017-11-02T09:55:57:  inobs .....................: NONE
2017-11-02T09:55:57:  inmodel ...................: bkg.xml
2017-11-02T09:55:57:  caldb .....................: prod2
2017-11-02T09:55:57:  irf .......................: South_0.5h
2017-11-02T09:55:57:  edisp .....................: no
2017-11-02T09:55:57:  outevents .................: events.fits
2017-11-02T09:55:57:  prefix ....................: sim_events_
2017-11-02T09:55:57:  startindex ................: 1
2017-11-02T09:55:57:  seed ......................: 1
2017-11-02T09:55:57:  ra ........................: 173.1367
2017-11-02T09:55:57:  dec .......................: 27.6989
2017-11-02T09:55:57:  rad .......................: 5.0
2017-11-02T09:55:57:  tmin ......................: 0.0
2017-11-02T09:55:57:  tmax ......................: 100.
2017-11-02T09:55:57:  emin ......................: 0.030
2017-11-02T09:55:57:  emax ......................: 100.0
2017-11-02T09:55:57:  deadc .....................: 0.98
2017-11-02T09:55:57:  maxrate ...................: 1.0e6
2017-11-02T09:55:57:  eslices ...................: 10
2017-11-02T09:55:57:  publish ...................: no
2017-11-02T09:55:57:  chatter ...................: 2
2017-11-02T09:55:57:  clobber ...................: yes
2017-11-02T09:55:57:  debug .....................: no
2017-11-02T09:55:57:  mode ......................: ql
2017-11-02T09:55:57:  logfile ...................: ctobssim.log
2017-11-02T09:55:57: 
2017-11-02T09:55:57: +================+
2017-11-02T09:55:57: | Execution mode |
2017-11-02T09:55:57: +================+
2017-11-02T09:55:57:  Event list management .....: Save and dispose (reduces memory needs)
2017-11-02T09:55:57:  Output format .............: Write single event list FITS file
2017-11-02T09:55:57: 
2017-11-02T09:55:57: +=============+
2017-11-02T09:55:57: | Seed values |
2017-11-02T09:55:57: +=============+
2017-11-02T09:55:57:  Seed 0 ....................: 9717486569
2017-11-02T09:55:57: 
2017-11-02T09:55:57: +===================+
2017-11-02T09:55:57: | Input observation |
2017-11-02T09:55:57: +===================+
2017-11-02T09:55:57: === GObservations ===
2017-11-02T09:55:57:  Number of observations ....: 1
2017-11-02T09:55:57:  Number of models ..........: 1
2017-11-02T09:55:57:  Number of observed events .: 0
2017-11-02T09:55:57:  Number of predicted events : 0
2017-11-02T09:55:57: 
2017-11-02T09:55:57: +======================+
2017-11-02T09:55:57: | Simulate observation |
2017-11-02T09:55:57: +======================+
2017-11-02T09:56:04:  MC identifier 1 ...........: CTABackgroundModel
2017-11-02T09:55:57: === CTA observation ===
2017-11-02T09:55:57:  Simulation cone ...........: RA=173.137 deg, Dec=27.6989 deg, radius=5.5 deg
2017-11-02T09:55:57:  Time interval .............: 0 - 100 s
2017-11-02T09:55:57:  Photon energy range .......: 30 GeV - 67.5163769541069 GeV
2017-11-02T09:55:57:  Event energy range ........: 30 GeV - 67.5163769541069 GeV
2017-11-02T09:55:57:   Simulation area ..........: 1.79626e+09 cm2
2017-11-02T09:55:57:   MC source events .........: 0 (all source models)
2017-11-02T09:55:57:  Photon energy range .......: 67.5163769541069 GeV - 151.948705233635 GeV
2017-11-02T09:55:57:  Event energy range ........: 67.5163769541069 GeV - 151.948705233635 GeV
2017-11-02T09:55:57:   Simulation area ..........: 4.39457e+09 cm2
2017-11-02T09:55:57:   MC source events .........: 0 (all source models)
2017-11-02T09:55:57:  Photon energy range .......: 151.948705233635 GeV - 341.967535341421 GeV
2017-11-02T09:55:57:  Event energy range ........: 151.948705233635 GeV - 341.967535341421 GeV
2017-11-02T09:55:57:   Simulation area ..........: 9.96713e+09 cm2
2017-11-02T09:55:57:   MC source events .........: 0 (all source models)
2017-11-02T09:55:57:  Photon energy range .......: 341.967535341421 GeV - 769.613634072608 GeV
2017-11-02T09:55:57:  Event energy range ........: 341.967535341421 GeV - 769.613634072608 GeV
2017-11-02T09:55:57:   Simulation area ..........: 1.97002e+10 cm2
2017-11-02T09:55:57:   MC source events .........: 0 (all source models)
2017-11-02T09:55:57:  Photon energy range .......: 769.613634072608 GeV - 1.73205080756888 TeV
2017-11-02T09:55:57:  Event energy range ........: 769.613634072608 GeV - 1.73205080756888 TeV
2017-11-02T09:55:57:   Simulation area ..........: 3.83962e+10 cm2
2017-11-02T09:55:57:   MC source events .........: 0 (all source models)
2017-11-02T09:55:57:  Photon energy range .......: 1.73205080756888 TeV - 3.89805984091619 TeV
2017-11-02T09:55:57:  Event energy range ........: 1.73205080756888 TeV - 3.89805984091619 TeV
2017-11-02T09:55:57:   Simulation area ..........: 6.10885e+10 cm2
2017-11-02T09:55:57:   MC source events .........: 0 (all source models)
2017-11-02T09:55:57:  Photon energy range .......: 3.89805984091619 TeV - 8.77276258696545 TeV
2017-11-02T09:55:57:  Event energy range ........: 3.89805984091619 TeV - 8.77276258696545 TeV
2017-11-02T09:55:57:   Simulation area ..........: 7.53011e+10 cm2
2017-11-02T09:55:57:   MC source events .........: 0 (all source models)
2017-11-02T09:55:57:  Photon energy range .......: 8.77276258696545 TeV - 19.7435048583482 TeV
2017-11-02T09:55:57:  Event energy range ........: 8.77276258696545 TeV - 19.7435048583482 TeV
2017-11-02T09:55:57:   Simulation area ..........: 8.0456e+10 cm2
2017-11-02T09:55:57:   MC source events .........: 0 (all source models)
2017-11-02T09:55:57:  Photon energy range .......: 19.7435048583482 TeV - 44.4336638803826 TeV
2017-11-02T09:55:57:  Event energy range ........: 19.7435048583482 TeV - 44.4336638803826 TeV
2017-11-02T09:55:57:   Simulation area ..........: 8.07799e+10 cm2
2017-11-02T09:55:57:   MC source events .........: 0 (all source models)
2017-11-02T09:55:57:  Photon energy range .......: 44.4336638803826 TeV - 100 TeV
2017-11-02T09:55:57:  Event energy range ........: 44.4336638803826 TeV - 100 TeV
2017-11-02T09:55:57:   Simulation area ..........: 8.25584e+10 cm2
2017-11-02T09:55:57:   MC source events .........: 0 (all source models)
2017-11-02T09:56:04:  MC events outside ROI .....: 0
2017-11-02T09:56:04:  MC background events ......: 5264
2017-11-02T09:56:04:  MC events .................: 5264 (all models)
2017-11-02T09:56:04: 
2017-11-02T09:56:04: +==================+
2017-11-02T09:56:04: | Save observation |
2017-11-02T09:56:04: +==================+
2017-11-02T09:56:04: 
2017-11-02T09:56:04: Application "ctobssim" terminated after 16 wall clock seconds, consuming 7.20679 seconds of CPU time.
