2018-04-27T15:13:56: ********************************************************************************
2018-04-27T15:13:56: *                                  cslightcrv                                  *
2018-04-27T15:13:56: * ---------------------------------------------------------------------------- *
2018-04-27T15:13:56: * Version: 1.5.1                                                               *
2018-04-27T15:13:56: ********************************************************************************
2018-04-27T15:14:29: +============+
2018-04-27T15:14:29: | Parameters |
2018-04-27T15:14:29: +============+
2018-04-27T15:14:29:  inobs .....................: events.fits
2018-04-27T15:14:29:  inmodel ...................: crab_static.xml
2018-04-27T15:14:29:  srcname ...................: Crab
2018-04-27T15:14:29:  caldb .....................: prod2
2018-04-27T15:14:29:  irf .......................: South_0.5h
2018-04-27T15:14:29:  inexclusion ...............: NONE
2018-04-27T15:14:29:  edisp .....................: no
2018-04-27T15:14:29:  outfile ...................: lightcurve.fits
2018-04-27T15:14:29:  tbinalg ...................: LIN
2018-04-27T15:14:29:  tmin ......................: MJD 51544.5
2018-04-27T15:14:29:  tmax ......................: MJD 51544.511574
2018-04-27T15:14:29:  tbins .....................: 5
2018-04-27T15:14:29:  tbinfile ..................: [not queried]
2018-04-27T15:14:29:  method ....................: 3D
2018-04-27T15:14:29:  emin ......................: 0.03
2018-04-27T15:14:29:  emax ......................: 150
2018-04-27T15:14:29:  enumbins ..................: 0
2018-04-27T15:14:29:  coordsys ..................: [not queried]
2018-04-27T15:14:29:  proj ......................: [not queried]
2018-04-27T15:14:29:  xref ......................: [not queried]
2018-04-27T15:14:29:  yref ......................: [not queried]
2018-04-27T15:14:29:  nxpix .....................: [not queried]
2018-04-27T15:14:29:  nypix .....................: [not queried]
2018-04-27T15:14:29:  binsz .....................: [not queried]
2018-04-27T15:14:29:  srcshape ..................: CIRCLE
2018-04-27T15:14:29:  rad .......................: [not queried]
2018-04-27T15:14:29:  bkgmethod .................: REFLECTED
2018-04-27T15:14:29:  bkgregmin .................: 2
2018-04-27T15:14:29:  maxoffset .................: 4.0
2018-04-27T15:14:29:  etruemin ..................: 0.01
2018-04-27T15:14:29:  etruemax ..................: 300.0
2018-04-27T15:14:29:  etruebins .................: 30
2018-04-27T15:14:29:  statistic .................: DEFAULT
2018-04-27T15:14:29:  calc_ts ...................: yes
2018-04-27T15:14:29:  calc_ulim .................: yes
2018-04-27T15:14:29:  fix_srcs ..................: yes
2018-04-27T15:14:29:  fix_bkg ...................: no
2018-04-27T15:14:29:  publish ...................: no
2018-04-27T15:14:29:  chatter ...................: 2
2018-04-27T15:14:29:  clobber ...................: yes
2018-04-27T15:14:29:  debug .....................: no
2018-04-27T15:14:29:  mode ......................: ql
2018-04-27T15:14:29:  logfile ...................: cslightcrv.log
2018-04-27T15:14:29: 
2018-04-27T15:14:29: +=============+
2018-04-27T15:14:29: | Observation |
2018-04-27T15:14:29: +=============+
2018-04-27T15:14:29: === GObservations ===
2018-04-27T15:14:29:  Number of observations ....: 1
2018-04-27T15:14:29:  Number of models ..........: 2
2018-04-27T15:14:29:  Number of observed events .: 55157
2018-04-27T15:14:29:  Number of predicted events : 0
2018-04-27T15:14:30: 
2018-04-27T15:14:30: +======================+
2018-04-27T15:14:30: | Selected observation |
2018-04-27T15:14:30: +======================+
2018-04-27T15:14:30: 
2018-04-27T15:14:30: +=========================+
2018-04-27T15:14:30: | Adjust model parameters |
2018-04-27T15:14:30: +=========================+
2018-04-27T15:14:30: === Crab ===
2018-04-27T15:14:30: === CTABackgroundModel ===
2018-04-27T15:14:30: 
2018-04-27T15:14:30: +=====================+
2018-04-27T15:14:30: | Generate lightcurve |
2018-04-27T15:14:30: +=====================+
2018-04-27T15:14:30: +----------------------------------+
2018-04-27T15:14:30: | MJD 51544.500000 - 51544.502315  |
2018-04-27T15:14:30: +----------------------------------+
2018-04-27T15:14:35: === Results ===
2018-04-27T15:14:35:  Prefactor .................: 5.42312303840872e-16 +/- 2.3961484996451112e-17 ph/cm2/s/MeV
2018-04-27T15:14:35:  Index .....................: -2.480491187794757 +/- 0.034948669918598435 
2018-04-27T15:14:35:  Upper flux limit ..........: 2.9732629837466833e-17 ph/cm2/s/MeV
2018-04-27T15:14:35:  Upper flux limit ..........: 3.604381028840909e-09 ph/cm2/s
2018-04-27T15:14:35:  Upper flux limit ..........: 5.252185089051833e-10 erg/cm2/s
2018-04-27T15:14:35:  Test Statistic ............: 2664.390313546828
2018-04-27T15:14:35: +----------------------------------+
2018-04-27T15:14:35: | MJD 51544.502315 - 51544.504630  |
2018-04-27T15:14:35: +----------------------------------+
2018-04-27T15:14:41: === Results ===
2018-04-27T15:14:41:  Prefactor .................: 4.534645603490514e-16 +/- 2.1966633846675768e-17 ph/cm2/s/MeV
2018-04-27T15:14:41:  Index .....................: -2.49056309150854 +/- 0.035961809502237777 
2018-04-27T15:14:41:  Upper flux limit ..........: 2.515295535653916e-17 ph/cm2/s/MeV
2018-04-27T15:14:41:  Upper flux limit ..........: 3.049203370236294e-09 ph/cm2/s
2018-04-27T15:14:41:  Upper flux limit ..........: 4.44319852604255e-10 erg/cm2/s
2018-04-27T15:14:41:  Test Statistic ............: 2117.2595140551566
2018-04-27T15:14:41: +----------------------------------+
2018-04-27T15:14:41: | MJD 51544.504630 - 51544.506944  |
2018-04-27T15:14:41: +----------------------------------+
2018-04-27T15:14:48: === Results ===
2018-04-27T15:14:48:  Prefactor .................: 3.2984922297704723e-16 +/- 1.9138421999256746e-17 ph/cm2/s/MeV
2018-04-27T15:14:48:  Index .....................: -2.5376107389240437 +/- 0.04455423664481014 
2018-04-27T15:14:48:  Upper flux limit ..........: 1.8879780272165915e-17 ph/cm2/s/MeV
2018-04-27T15:14:48:  Upper flux limit ..........: 2.2887286531219742e-09 ph/cm2/s
2018-04-27T15:14:48:  Upper flux limit ..........: 3.3350598642670563e-10 erg/cm2/s
2018-04-27T15:14:48:  Test Statistic ............: 1378.329182663525
2018-04-27T15:14:48: +----------------------------------+
2018-04-27T15:14:48: | MJD 51544.506944 - 51544.509259  |
2018-04-27T15:14:48: +----------------------------------+
2018-04-27T15:14:55: === Results ===
2018-04-27T15:14:55:  Prefactor .................: 2.433116017754801e-16 +/- 1.6660289140344227e-17 ph/cm2/s/MeV
2018-04-27T15:14:55:  Index .....................: -2.43652750385101 +/- 0.04953195095791511 
2018-04-27T15:14:55:  Upper flux limit ..........: 1.3902981747490743e-17 ph/cm2/s/MeV
2018-04-27T15:14:55:  Upper flux limit ..........: 1.685409058294269e-09 ph/cm2/s
2018-04-27T15:14:55:  Upper flux limit ..........: 2.455922460498769e-10 erg/cm2/s
2018-04-27T15:14:55:  Test Statistic ............: 975.146571684425
2018-04-27T15:14:55: +----------------------------------+
2018-04-27T15:14:55: | MJD 51544.509259 - 51544.511574  |
2018-04-27T15:14:55: +----------------------------------+
2018-04-27T15:15:02: === Results ===
2018-04-27T15:15:02:  Prefactor .................: 1.496510283625396e-16 +/- 1.3665363390486793e-17 ph/cm2/s/MeV
2018-04-27T15:15:02:  Index .....................: -2.428711509376228 +/- 0.0663109912697716 
2018-04-27T15:15:02:  Upper flux limit ..........: 8.932251990562326e-18 ph/cm2/s/MeV
2018-04-27T15:15:02:  Upper flux limit ..........: 1.082825158608717e-09 ph/cm2/s
2018-04-27T15:15:02:  Upper flux limit ..........: 1.5778570874133605e-10 erg/cm2/s
2018-04-27T15:15:02:  Test Statistic ............: 473.1662540957914
2018-04-27T15:15:02: 
2018-04-27T15:15:02: +==================+
2018-04-27T15:15:02: | Save light curve |
2018-04-27T15:15:02: +==================+
2018-04-27T15:15:02:  Light curve file ..........: lightcurve.fits
2018-04-27T15:15:02: 
2018-04-27T15:15:02: Application "cslightcrv" terminated after 66 wall clock seconds, consuming 32.8118 seconds of CPU time.
