2017-11-02T13:49:30: ********************************************************************************
2017-11-02T13:49:30: *                                     ctbin                                    *
2017-11-02T13:49:30: * ---------------------------------------------------------------------------- *
2017-11-02T13:49:30: * Version: 1.3.0                                                               *
2017-11-02T13:49:30: ********************************************************************************
2017-11-02T13:49:40: +============+
2017-11-02T13:49:40: | Parameters |
2017-11-02T13:49:40: +============+
2017-11-02T13:49:40:  inobs .....................: events.fits
2017-11-02T13:49:40:  outcube ...................: cntcube.fits
2017-11-02T13:49:40:  ebinalg ...................: LIN
2017-11-02T13:49:40:  emin ......................: 0.03
2017-11-02T13:49:40:  emax ......................: 1
2017-11-02T13:49:40:  enumbins ..................: 1
2017-11-02T13:49:40:  ebinfile ..................: [not queried]
2017-11-02T13:49:40:  usepnt ....................: no
2017-11-02T13:49:40:  nxpix .....................: 200
2017-11-02T13:49:40:  nypix .....................: 200
2017-11-02T13:49:40:  binsz .....................: 0.02
2017-11-02T13:49:40:  coordsys ..................: CEL
2017-11-02T13:49:40:  proj ......................: CAR
2017-11-02T13:49:40:  xref ......................: 173.1367
2017-11-02T13:49:40:  yref ......................: 27.6989
2017-11-02T13:49:40:  publish ...................: no
2017-11-02T13:49:40:  chatter ...................: 2
2017-11-02T13:49:40:  clobber ...................: yes
2017-11-02T13:49:40:  debug .....................: no
2017-11-02T13:49:40:  mode ......................: ql
2017-11-02T13:49:40:  logfile ...................: ctbin.log
2017-11-02T13:49:40: 
2017-11-02T13:49:40: +===================+
2017-11-02T13:49:40: | Input observation |
2017-11-02T13:49:40: +===================+
2017-11-02T13:49:40: === GObservations ===
2017-11-02T13:49:40:  Number of observations ....: 1
2017-11-02T13:49:40:  Number of models ..........: 0
2017-11-02T13:49:40:  Number of observed events .: 6817
2017-11-02T13:49:40:  Number of predicted events : 0
2017-11-02T13:49:40: 
2017-11-02T13:49:40: +=================+
2017-11-02T13:49:40: | Bin observation |
2017-11-02T13:49:40: +=================+
2017-11-02T13:49:40: === CTA observation ===
2017-11-02T13:49:40:  Events in list ............: 6817
2017-11-02T13:49:40:  Events in cube ............: 5379
2017-11-02T13:49:40:  Events outside RoI ........: 0
2017-11-02T13:49:40:  Events with invalid WCS ...: 0
2017-11-02T13:49:40:  Events outside cube area ..: 69
2017-11-02T13:49:40:  Events outside energy bins : 1369
2017-11-02T13:49:40: 
2017-11-02T13:49:40: +====================+
2017-11-02T13:49:40: | Binned observation |
2017-11-02T13:49:40: +====================+
2017-11-02T13:49:40: === GObservations ===
2017-11-02T13:49:40:  Number of observations ....: 1
2017-11-02T13:49:40:  Number of models ..........: 0
2017-11-02T13:49:40:  Number of observed events .: 5379
2017-11-02T13:49:40:  Number of predicted events : 0
2017-11-02T13:49:40: 
2017-11-02T13:49:40: +==================+
2017-11-02T13:49:40: | Save counts cube |
2017-11-02T13:49:40: +==================+
2017-11-02T13:49:40:  Counts cube file ..........: cntcube.fits
2017-11-02T13:49:40: 
2017-11-02T13:49:40: Application "ctbin" terminated after 10 wall clock seconds, consuming 0.128463 seconds of CPU time.
