2017-11-02T13:39:10: ********************************************************************************
2017-11-02T13:39:10: *                                     ctbin                                    *
2017-11-02T13:39:10: * ---------------------------------------------------------------------------- *
2017-11-02T13:39:10: * Version: 1.3.0                                                               *
2017-11-02T13:39:10: ********************************************************************************
2017-11-02T13:40:00: +============+
2017-11-02T13:40:00: | Parameters |
2017-11-02T13:40:00: +============+
2017-11-02T13:40:00:  inobs .....................: events.fits
2017-11-02T13:40:00:  outcube ...................: cntcube.fits
2017-11-02T13:40:00:  ebinalg ...................: LIN
2017-11-02T13:40:00:  emin ......................: 0.03
2017-11-02T13:40:00:  emax ......................: 1
2017-11-02T13:40:00:  enumbins ..................: 1
2017-11-02T13:40:00:  ebinfile ..................: [not queried]
2017-11-02T13:40:00:  usepnt ....................: no
2017-11-02T13:40:00:  nxpix .....................: 200
2017-11-02T13:40:00:  nypix .....................: 200
2017-11-02T13:40:00:  binsz .....................: 0.02
2017-11-02T13:40:00:  coordsys ..................: CEL
2017-11-02T13:40:00:  proj ......................: CAR
2017-11-02T13:40:00:  xref ......................: 173.1367
2017-11-02T13:40:00:  yref ......................: 27.6989
2017-11-02T13:40:00:  publish ...................: no
2017-11-02T13:40:00:  chatter ...................: 2
2017-11-02T13:40:00:  clobber ...................: yes
2017-11-02T13:40:00:  debug .....................: no
2017-11-02T13:40:00:  mode ......................: ql
2017-11-02T13:40:00:  logfile ...................: ctbin.log
2017-11-02T13:40:00: 
2017-11-02T13:40:00: +===================+
2017-11-02T13:40:00: | Input observation |
2017-11-02T13:40:00: +===================+
2017-11-02T13:40:00: === GObservations ===
2017-11-02T13:40:00:  Number of observations ....: 1
2017-11-02T13:40:00:  Number of models ..........: 0
2017-11-02T13:40:00:  Number of observed events .: 67752
2017-11-02T13:40:00:  Number of predicted events : 0
2017-11-02T13:40:00: 
2017-11-02T13:40:00: +=================+
2017-11-02T13:40:00: | Bin observation |
2017-11-02T13:40:00: +=================+
2017-11-02T13:40:00: === CTA observation ===
2017-11-02T13:40:01:  Events in list ............: 67752
2017-11-02T13:40:01:  Events in cube ............: 53556
2017-11-02T13:40:01:  Events outside RoI ........: 0
2017-11-02T13:40:01:  Events with invalid WCS ...: 0
2017-11-02T13:40:01:  Events outside cube area ..: 668
2017-11-02T13:40:01:  Events outside energy bins : 13528
2017-11-02T13:40:01: 
2017-11-02T13:40:01: +====================+
2017-11-02T13:40:01: | Binned observation |
2017-11-02T13:40:01: +====================+
2017-11-02T13:40:01: === GObservations ===
2017-11-02T13:40:01:  Number of observations ....: 1
2017-11-02T13:40:01:  Number of models ..........: 0
2017-11-02T13:40:01:  Number of observed events .: 53556
2017-11-02T13:40:01:  Number of predicted events : 0
2017-11-02T13:40:01: 
2017-11-02T13:40:01: +==================+
2017-11-02T13:40:01: | Save counts cube |
2017-11-02T13:40:01: +==================+
2017-11-02T13:40:01:  Counts cube file ..........: cntcube.fits
2017-11-02T13:40:01: 
2017-11-02T13:40:01: Application "ctbin" terminated after 51 wall clock seconds, consuming 0.17391 seconds of CPU time.
