2017-11-02T09:48:00: ********************************************************************************
2017-11-02T09:48:00: *                                   ctobssim                                   *
2017-11-02T09:48:00: * ---------------------------------------------------------------------------- *
2017-11-02T09:48:00: * Version: 1.3.0                                                               *
2017-11-02T09:48:00: ********************************************************************************
2017-11-02T09:48:07: +============+
2017-11-02T09:48:07: | Parameters |
2017-11-02T09:48:07: +============+
2017-11-02T09:48:07:  inobs .....................: NONE
2017-11-02T09:48:07:  inmodel ...................: grb130427A_T0_100s.xml
2017-11-02T09:48:07:  caldb .....................: prod2
2017-11-02T09:48:07:  irf .......................: South_0.5h
2017-11-02T09:48:07:  edisp .....................: no
2017-11-02T09:48:07:  outevents .................: events.fits
2017-11-02T09:48:07:  prefix ....................: sim_events_
2017-11-02T09:48:07:  startindex ................: 1
2017-11-02T09:48:07:  seed ......................: 1
2017-11-02T09:48:07:  ra ........................: 173.1367
2017-11-02T09:48:07:  dec .......................: 27.6989
2017-11-02T09:48:07:  rad .......................: 5.0
2017-11-02T09:48:07:  tmin ......................: 0.0
2017-11-02T09:48:07:  tmax ......................: 100.
2017-11-02T09:48:07:  emin ......................: 0.030
2017-11-02T09:48:07:  emax ......................: 100.0
2017-11-02T09:48:07:  deadc .....................: 0.98
2017-11-02T09:48:07:  maxrate ...................: 1.0e6
2017-11-02T09:48:07:  eslices ...................: 10
2017-11-02T09:48:07:  publish ...................: no
2017-11-02T09:48:07:  chatter ...................: 2
2017-11-02T09:48:07:  clobber ...................: yes
2017-11-02T09:48:07:  debug .....................: no
2017-11-02T09:48:07:  mode ......................: ql
2017-11-02T09:48:07:  logfile ...................: ctobssim.log
2017-11-02T09:48:07: 
2017-11-02T09:48:07: +================+
2017-11-02T09:48:07: | Execution mode |
2017-11-02T09:48:07: +================+
2017-11-02T09:48:07:  Event list management .....: Save and dispose (reduces memory needs)
2017-11-02T09:48:07:  Output format .............: Write single event list FITS file
2017-11-02T09:48:07: 
2017-11-02T09:48:07: +=============+
2017-11-02T09:48:07: | Seed values |
2017-11-02T09:48:07: +=============+
2017-11-02T09:48:07:  Seed 0 ....................: 9717486569
2017-11-02T09:48:07: 
2017-11-02T09:48:07: +===================+
2017-11-02T09:48:07: | Input observation |
2017-11-02T09:48:07: +===================+
2017-11-02T09:48:07: === GObservations ===
2017-11-02T09:48:07:  Number of observations ....: 1
2017-11-02T09:48:07:  Number of models ..........: 2
2017-11-02T09:48:07:  Number of observed events .: 0
2017-11-02T09:48:07:  Number of predicted events : 0
2017-11-02T09:48:07: 
2017-11-02T09:48:07: +======================+
2017-11-02T09:48:07: | Simulate observation |
2017-11-02T09:48:07: +======================+
2017-11-02T09:48:15:  MC identifier 1 ...........: GRB130427A
2017-11-02T09:48:15:  MC identifier 2 ...........: CTABackgroundModel
2017-11-02T09:48:07: === CTA observation ===
2017-11-02T09:48:07:  Simulation cone ...........: RA=173.137 deg, Dec=27.6989 deg, radius=5.5 deg
2017-11-02T09:48:07:  Time interval .............: 0 - 100 s
2017-11-02T09:48:07:  Photon energy range .......: 30 GeV - 67.5163769541069 GeV
2017-11-02T09:48:07:  Event energy range ........: 30 GeV - 67.5163769541069 GeV
2017-11-02T09:48:07:   Simulation area ..........: 1.79626e+09 cm2
2017-11-02T09:48:07:   Use model ................: GRB130427A
2017-11-02T09:48:07:   Normalization ............: 1 [GRB130427A]
2017-11-02T09:48:07:   Flux .....................: 2.65191e-07 [GRB130427A] photons/cm2/s
2017-11-02T09:48:07:   Normalized flux ..........: 2.65191e-07 [GRB130427A] photons/cm2/s
2017-11-02T09:48:07:   Photon rate ..............: 476.351 photons/s [GRB130427A]
2017-11-02T09:48:08:   MC source photons ........: 47409 [GRB130427A]
2017-11-02T09:48:08:   MC source events .........: 11990 [GRB130427A]
2017-11-02T09:48:08:   MC source events .........: 11990 (all source models)
2017-11-02T09:48:08:  Photon energy range .......: 67.5163769541069 GeV - 151.948705233635 GeV
2017-11-02T09:48:08:  Event energy range ........: 67.5163769541069 GeV - 151.948705233635 GeV
2017-11-02T09:48:08:   Simulation area ..........: 4.39457e+09 cm2
2017-11-02T09:48:08:   Use model ................: GRB130427A
2017-11-02T09:48:08:   Normalization ............: 1 [GRB130427A]
2017-11-02T09:48:08:   Flux .....................: 1.00187e-07 [GRB130427A] photons/cm2/s
2017-11-02T09:48:08:   Normalized flux ..........: 1.00187e-07 [GRB130427A] photons/cm2/s
2017-11-02T09:48:08:   Photon rate ..............: 440.28 photons/s [GRB130427A]
2017-11-02T09:48:08:   MC source photons ........: 43662 [GRB130427A]
2017-11-02T09:48:08:   MC source events .........: 13487 [GRB130427A]
2017-11-02T09:48:08:   MC source events .........: 13487 (all source models)
2017-11-02T09:48:08:  Photon energy range .......: 151.948705233635 GeV - 341.967535341421 GeV
2017-11-02T09:48:08:  Event energy range ........: 151.948705233635 GeV - 341.967535341421 GeV
2017-11-02T09:48:08:   Simulation area ..........: 9.96713e+09 cm2
2017-11-02T09:48:08:   Use model ................: GRB130427A
2017-11-02T09:48:08:   Normalization ............: 1 [GRB130427A]
2017-11-02T09:48:08:   Flux .....................: 3.78501e-08 [GRB130427A] photons/cm2/s
2017-11-02T09:48:08:   Normalized flux ..........: 3.78501e-08 [GRB130427A] photons/cm2/s
2017-11-02T09:48:08:   Photon rate ..............: 377.257 photons/s [GRB130427A]
2017-11-02T09:48:08:   MC source photons ........: 37695 [GRB130427A]
2017-11-02T09:48:08:   MC source events .........: 11748 [GRB130427A]
2017-11-02T09:48:08:   MC source events .........: 11748 (all source models)
2017-11-02T09:48:08:  Photon energy range .......: 341.967535341421 GeV - 769.613634072608 GeV
2017-11-02T09:48:08:  Event energy range ........: 341.967535341421 GeV - 769.613634072608 GeV
2017-11-02T09:48:08:   Simulation area ..........: 1.97002e+10 cm2
2017-11-02T09:48:08:   Use model ................: GRB130427A
2017-11-02T09:48:08:   Normalization ............: 1 [GRB130427A]
2017-11-02T09:48:08:   Flux .....................: 1.42995e-08 [GRB130427A] photons/cm2/s
2017-11-02T09:48:08:   Normalized flux ..........: 1.42995e-08 [GRB130427A] photons/cm2/s
2017-11-02T09:48:08:   Photon rate ..............: 281.704 photons/s [GRB130427A]
2017-11-02T09:48:08:   MC source photons ........: 28028 [GRB130427A]
2017-11-02T09:48:08:   MC source events .........: 9310 [GRB130427A]
2017-11-02T09:48:08:   MC source events .........: 9310 (all source models)
2017-11-02T09:48:08:  Photon energy range .......: 769.613634072608 GeV - 1.73205080756888 TeV
2017-11-02T09:48:08:  Event energy range ........: 769.613634072608 GeV - 1.73205080756888 TeV
2017-11-02T09:48:08:   Simulation area ..........: 3.83962e+10 cm2
2017-11-02T09:48:08:   Use model ................: GRB130427A
2017-11-02T09:48:08:   Normalization ............: 1 [GRB130427A]
2017-11-02T09:48:08:   Flux .....................: 5.40227e-09 [GRB130427A] photons/cm2/s
2017-11-02T09:48:08:   Normalized flux ..........: 5.40227e-09 [GRB130427A] photons/cm2/s
2017-11-02T09:48:08:   Photon rate ..............: 207.427 photons/s [GRB130427A]
2017-11-02T09:48:08:   MC source photons ........: 20677 [GRB130427A]
2017-11-02T09:48:08:   MC source events .........: 7043 [GRB130427A]
2017-11-02T09:48:08:   MC source events .........: 7043 (all source models)
2017-11-02T09:48:08:  Photon energy range .......: 1.73205080756888 TeV - 3.89805984091619 TeV
2017-11-02T09:48:08:  Event energy range ........: 1.73205080756888 TeV - 3.89805984091619 TeV
2017-11-02T09:48:08:   Simulation area ..........: 6.10885e+10 cm2
2017-11-02T09:48:08:   Use model ................: GRB130427A
2017-11-02T09:48:08:   Normalization ............: 1 [GRB130427A]
2017-11-02T09:48:08:   Flux .....................: 2.04094e-09 [GRB130427A] photons/cm2/s
2017-11-02T09:48:08:   Normalized flux ..........: 2.04094e-09 [GRB130427A] photons/cm2/s
2017-11-02T09:48:08:   Photon rate ..............: 124.678 photons/s [GRB130427A]
2017-11-02T09:48:08:   MC source photons ........: 12307 [GRB130427A]
2017-11-02T09:48:08:   MC source events .........: 4664 [GRB130427A]
2017-11-02T09:48:08:   MC source events .........: 4664 (all source models)
2017-11-02T09:48:08:  Photon energy range .......: 3.89805984091619 TeV - 8.77276258696545 TeV
2017-11-02T09:48:08:  Event energy range ........: 3.89805984091619 TeV - 8.77276258696545 TeV
2017-11-02T09:48:08:   Simulation area ..........: 7.53011e+10 cm2
2017-11-02T09:48:08:   Use model ................: GRB130427A
2017-11-02T09:48:08:   Normalization ............: 1 [GRB130427A]
2017-11-02T09:48:08:   Flux .....................: 7.71055e-10 [GRB130427A] photons/cm2/s
2017-11-02T09:48:08:   Normalized flux ..........: 7.71055e-10 [GRB130427A] photons/cm2/s
2017-11-02T09:48:08:   Photon rate ..............: 58.0613 photons/s [GRB130427A]
2017-11-02T09:48:08:   MC source photons ........: 5733 [GRB130427A]
2017-11-02T09:48:08:   MC source events .........: 2517 [GRB130427A]
2017-11-02T09:48:08:   MC source events .........: 2517 (all source models)
2017-11-02T09:48:08:  Photon energy range .......: 8.77276258696545 TeV - 19.7435048583482 TeV
2017-11-02T09:48:08:  Event energy range ........: 8.77276258696545 TeV - 19.7435048583482 TeV
2017-11-02T09:48:08:   Simulation area ..........: 8.0456e+10 cm2
2017-11-02T09:48:08:   Use model ................: GRB130427A
2017-11-02T09:48:08:   Normalization ............: 1 [GRB130427A]
2017-11-02T09:48:08:   Flux .....................: 2.913e-10 [GRB130427A] photons/cm2/s
2017-11-02T09:48:08:   Normalized flux ..........: 2.913e-10 [GRB130427A] photons/cm2/s
2017-11-02T09:48:08:   Photon rate ..............: 23.4368 photons/s [GRB130427A]
2017-11-02T09:48:08:   MC source photons ........: 2397 [GRB130427A]
2017-11-02T09:48:08:   MC source events .........: 1143 [GRB130427A]
2017-11-02T09:48:08:   MC source events .........: 1143 (all source models)
2017-11-02T09:48:08:  Photon energy range .......: 19.7435048583482 TeV - 44.4336638803826 TeV
2017-11-02T09:48:08:  Event energy range ........: 19.7435048583482 TeV - 44.4336638803826 TeV
2017-11-02T09:48:08:   Simulation area ..........: 8.07799e+10 cm2
2017-11-02T09:48:08:   Use model ................: GRB130427A
2017-11-02T09:48:08:   Normalization ............: 1 [GRB130427A]
2017-11-02T09:48:08:   Flux .....................: 1.10051e-10 [GRB130427A] photons/cm2/s
2017-11-02T09:48:08:   Normalized flux ..........: 1.10051e-10 [GRB130427A] photons/cm2/s
2017-11-02T09:48:08:   Photon rate ..............: 8.88992 photons/s [GRB130427A]
2017-11-02T09:48:08:   MC source photons ........: 817 [GRB130427A]
2017-11-02T09:48:08:   MC source events .........: 412 [GRB130427A]
2017-11-02T09:48:08:   MC source events .........: 412 (all source models)
2017-11-02T09:48:08:  Photon energy range .......: 44.4336638803826 TeV - 100 TeV
2017-11-02T09:48:08:  Event energy range ........: 44.4336638803826 TeV - 100 TeV
2017-11-02T09:48:08:   Simulation area ..........: 8.25584e+10 cm2
2017-11-02T09:48:08:   Use model ................: GRB130427A
2017-11-02T09:48:08:   Normalization ............: 1 [GRB130427A]
2017-11-02T09:48:08:   Flux .....................: 4.15766e-11 [GRB130427A] photons/cm2/s
2017-11-02T09:48:08:   Normalized flux ..........: 4.15766e-11 [GRB130427A] photons/cm2/s
2017-11-02T09:48:08:   Photon rate ..............: 3.4325 photons/s [GRB130427A]
2017-11-02T09:48:08:   MC source photons ........: 384 [GRB130427A]
2017-11-02T09:48:08:   MC source events .........: 169 [GRB130427A]
2017-11-02T09:48:08:   MC source events .........: 169 (all source models)
2017-11-02T09:48:08:  MC source photons .........: 199109 [GRB130427A]
2017-11-02T09:48:08:  MC source events ..........: 62483 [GRB130427A]
2017-11-02T09:48:15:  MC events outside ROI .....: 0
2017-11-02T09:48:15:  MC background events ......: 5269
2017-11-02T09:48:15:  MC events .................: 67752 (all models)
2017-11-02T09:48:17: 
2017-11-02T09:48:17: +==================+
2017-11-02T09:48:17: | Save observation |
2017-11-02T09:48:17: +==================+
2017-11-02T09:48:17: 
2017-11-02T09:48:17: Application "ctobssim" terminated after 17 wall clock seconds, consuming 7.4586 seconds of CPU time.
