2017-11-02T09:54:42: ********************************************************************************
2017-11-02T09:54:42: *                                     ctbin                                    *
2017-11-02T09:54:42: * ---------------------------------------------------------------------------- *
2017-11-02T09:54:42: * Version: 1.3.0                                                               *
2017-11-02T09:54:42: ********************************************************************************
2017-11-02T09:54:53: +============+
2017-11-02T09:54:53: | Parameters |
2017-11-02T09:54:53: +============+
2017-11-02T09:54:53:  inobs .....................: events.fits
2017-11-02T09:54:53:  outcube ...................: cntcube.fits
2017-11-02T09:54:53:  ebinalg ...................: LOG
2017-11-02T09:54:53:  emin ......................: 0.03
2017-11-02T09:54:53:  emax ......................: 100.0
2017-11-02T09:54:53:  enumbins ..................: 10
2017-11-02T09:54:53:  ebinfile ..................: [not queried]
2017-11-02T09:54:53:  usepnt ....................: no
2017-11-02T09:54:53:  nxpix .....................: 200
2017-11-02T09:54:53:  nypix .....................: 200
2017-11-02T09:54:53:  binsz .....................: 0.02
2017-11-02T09:54:53:  coordsys ..................: GAL
2017-11-02T09:54:53:  proj ......................: CAR
2017-11-02T09:54:53:  xref ......................: 173.1367
2017-11-02T09:54:53:  yref ......................: 27.6989
2017-11-02T09:54:53:  publish ...................: no
2017-11-02T09:54:53:  chatter ...................: 2
2017-11-02T09:54:53:  clobber ...................: yes
2017-11-02T09:54:53:  debug .....................: no
2017-11-02T09:54:53:  mode ......................: ql
2017-11-02T09:54:53:  logfile ...................: ctbin.log
2017-11-02T09:54:53: 
2017-11-02T09:54:53: +===================+
2017-11-02T09:54:53: | Input observation |
2017-11-02T09:54:53: +===================+
2017-11-02T09:54:53: === GObservations ===
2017-11-02T09:54:53:  Number of observations ....: 1
2017-11-02T09:54:53:  Number of models ..........: 0
2017-11-02T09:54:53:  Number of observed events .: 548
2017-11-02T09:54:53:  Number of predicted events : 0
2017-11-02T09:54:53: 
2017-11-02T09:54:53: +=================+
2017-11-02T09:54:53: | Bin observation |
2017-11-02T09:54:53: +=================+
2017-11-02T09:54:53: === CTA observation ===
2017-11-02T09:54:53:  Events in list ............: 548
2017-11-02T09:54:53:  Events in cube ............: 0
2017-11-02T09:54:53:  Events outside RoI ........: 0
2017-11-02T09:54:53:  Events with invalid WCS ...: 0
2017-11-02T09:54:53:  Events outside cube area ..: 548
2017-11-02T09:54:53:  Events outside energy bins : 0
2017-11-02T09:54:53: 
2017-11-02T09:54:53: +====================+
2017-11-02T09:54:53: | Binned observation |
2017-11-02T09:54:53: +====================+
2017-11-02T09:54:53: === GObservations ===
2017-11-02T09:54:53:  Number of observations ....: 1
2017-11-02T09:54:53:  Number of models ..........: 0
2017-11-02T09:54:53:  Number of observed events .: 0
2017-11-02T09:54:53:  Number of predicted events : 0
2017-11-02T09:54:53: 
2017-11-02T09:54:53: +==================+
2017-11-02T09:54:53: | Save counts cube |
2017-11-02T09:54:53: +==================+
2017-11-02T09:54:53:  Counts cube file ..........: cntcube.fits
2017-11-02T09:54:53: 
2017-11-02T09:54:53: Application "ctbin" terminated after 11 wall clock seconds, consuming 0.179508 seconds of CPU time.
