2018-09-15T11:19:45: ********************************************************************************
2018-09-15T11:19:45: *                                  cslightcrv                                  *
2018-09-15T11:19:45: * ---------------------------------------------------------------------------- *
2018-09-15T11:19:45: * Version: 1.3.0                                                               *
2018-09-15T11:19:45: ********************************************************************************
2018-09-15T11:20:28: +============+
2018-09-15T11:20:28: | Parameters |
2018-09-15T11:20:28: +============+
2018-09-15T11:20:28:  inobs .....................: ../080916/events.fits
2018-09-15T11:20:28:  inmodel ...................: GRB080916009.xml
2018-09-15T11:20:28:  srcname ...................: GRB080916009
2018-09-15T11:20:28:  caldb .....................: prod2
2018-09-15T11:20:28:  irf .......................: South_0.5h
2018-09-15T11:20:28:  edisp .....................: no
2018-09-15T11:20:28:  outfile ...................: ../080916/lightcurve.fits
2018-09-15T11:20:28:  tbinalg ...................: LIN
2018-09-15T11:20:28:  tmin ......................: 51544.5
2018-09-15T11:20:28:  tmax ......................: 51544.583
2018-09-15T11:20:28:  tbins .....................: 30
2018-09-15T11:20:28:  tbinfile ..................: [not queried]
2018-09-15T11:20:28:  emin ......................: 0.03
2018-09-15T11:20:28:  emax ......................: 0.1
2018-09-15T11:20:28:  enumbins ..................: 0
2018-09-15T11:20:28:  coordsys ..................: [not queried]
2018-09-15T11:20:28:  proj ......................: [not queried]
2018-09-15T11:20:28:  xref ......................: [not queried]
2018-09-15T11:20:28:  yref ......................: [not queried]
2018-09-15T11:20:28:  nxpix .....................: [not queried]
2018-09-15T11:20:28:  nypix .....................: [not queried]
2018-09-15T11:20:28:  binsz .....................: [not queried]
2018-09-15T11:20:28:  calc_ts ...................: yes
2018-09-15T11:20:28:  calc_ulim .................: yes
2018-09-15T11:20:28:  fix_srcs ..................: yes
2018-09-15T11:20:28:  fix_bkg ...................: no
2018-09-15T11:20:28:  publish ...................: no
2018-09-15T11:20:28:  chatter ...................: 2
2018-09-15T11:20:28:  clobber ...................: yes
2018-09-15T11:20:28:  debug .....................: no
2018-09-15T11:20:28:  mode ......................: ql
2018-09-15T11:20:28:  logfile ...................: ../080916/cslightcrv.log
2018-09-15T11:20:28: 
2018-09-15T11:20:28: +=============+
2018-09-15T11:20:28: | Observation |
2018-09-15T11:20:28: +=============+
2018-09-15T11:20:28: === GObservations ===
2018-09-15T11:20:28:  Number of observations ....: 1
2018-09-15T11:20:28:  Number of models ..........: 2
2018-09-15T11:20:28:  Number of observed events .: 305787
2018-09-15T11:20:28:  Number of predicted events : 0
2018-09-15T11:20:30: 
2018-09-15T11:20:30: +======================+
2018-09-15T11:20:30: | Selected observation |
2018-09-15T11:20:30: +======================+
2018-09-15T11:20:30: === GObservations ===
2018-09-15T11:20:30:  Number of observations ....: 1
2018-09-15T11:20:30:  Number of models ..........: 2
2018-09-15T11:20:30:  Number of observed events .: 304521
2018-09-15T11:20:30:  Number of predicted events : 0
2018-09-15T11:20:30: 
2018-09-15T11:20:30: +=========================+
2018-09-15T11:20:30: | Adjust model parameters |
2018-09-15T11:20:30: +=========================+
2018-09-15T11:20:30: === GRB080916009 ===
2018-09-15T11:20:30: === Background ===
2018-09-15T11:20:30: 
2018-09-15T11:20:30: +=====================+
2018-09-15T11:20:30: | Generate lightcurve |
2018-09-15T11:20:30: +=====================+
2018-09-15T11:20:30: +---------------------------+
2018-09-15T11:20:30: | MJD 51544.5-51544.5027667 |
2018-09-15T11:20:30: +---------------------------+
2018-09-15T11:20:56: === Results ===
2018-09-15T11:20:56:  Normalization .............: 0.992022558104 +/- 0.0135380589987 
2018-09-15T11:20:56:  Upper flux limit ..........: 2.31780450387e-29 ph/cm2/s/MeV
2018-09-15T11:20:56:  Upper flux limit ..........: 2.71501755269e-07 ph/cm2/s
2018-09-15T11:20:56:  Upper flux limit ..........: 1.76889476368e-08 erg/cm2/s
2018-09-15T11:20:56:  Test Statistic ............: 30052.5307091
2018-09-15T11:20:56: +---------------------------------+
2018-09-15T11:20:56: | MJD 51544.5027667-51544.5055333 |
2018-09-15T11:20:56: +---------------------------------+
2018-09-15T11:21:01: === Results ===
2018-09-15T11:21:01:  Normalization .............: 0.946231743378 +/- 0.0775512614476 
2018-09-15T11:21:01:  Upper flux limit ..........: 2.50946148454e-29 ph/cm2/s/MeV
2018-09-15T11:21:01:  Upper flux limit ..........: 2.9395196907e-07 ph/cm2/s
2018-09-15T11:21:01:  Upper flux limit ..........: 1.91516293641e-08 erg/cm2/s
2018-09-15T11:21:01:  Test Statistic ............: 270.499254731
2018-09-15T11:21:01: +------------------------------+
2018-09-15T11:21:01: | MJD 51544.5055333-51544.5083 |
2018-09-15T11:21:01: +------------------------------+
2018-09-15T11:21:14: === Results ===
2018-09-15T11:21:14:  Normalization .............: 1.0344337107 +/- 0.15763547655 
2018-09-15T11:21:14:  Upper flux limit ..........: 3.08500055943e-29 ph/cm2/s/MeV
2018-09-15T11:21:14:  Upper flux limit ..........: 3.61369160122e-07 ph/cm2/s
2018-09-15T11:21:14:  Upper flux limit ..........: 2.35440104047e-08 erg/cm2/s
2018-09-15T11:21:14:  Test Statistic ............: 61.702013815
2018-09-15T11:21:14: +------------------------------+
2018-09-15T11:21:14: | MJD 51544.5083-51544.5110667 |
2018-09-15T11:21:14: +------------------------------+
2018-09-15T11:21:19: === Results ===
2018-09-15T11:21:19:  Normalization .............: 0.973602972921 +/- 0.256683287767 
2018-09-15T11:21:19:  Upper flux limit ..........: 3.4120872537e-29 ph/cm2/s/MeV
2018-09-15T11:21:19:  Upper flux limit ..........: 3.99683267921e-07 ph/cm2/s
2018-09-15T11:21:19:  Upper flux limit ..........: 2.6040260368e-08 erg/cm2/s
2018-09-15T11:21:19:  Test Statistic ............: 17.6836708095
2018-09-15T11:21:19: +---------------------------------+
2018-09-15T11:21:19: | MJD 51544.5110667-51544.5138333 |
2018-09-15T11:21:19: +---------------------------------+
2018-09-15T11:21:24: === Results ===
2018-09-15T11:21:24:  Normalization .............: 1.20597404815 +/- 0.387036558993 
2018-09-15T11:21:24:  Upper flux limit ..........: 4.55250803653e-29 ph/cm2/s/MeV
2018-09-15T11:21:24:  Upper flux limit ..........: 5.33269273025e-07 ph/cm2/s
2018-09-15T11:21:24:  Upper flux limit ..........: 3.47436878908e-08 erg/cm2/s
2018-09-15T11:21:24:  Test Statistic ............: 11.5593836731
2018-09-15T11:21:24: +------------------------------+
2018-09-15T11:21:24: | MJD 51544.5138333-51544.5166 |
2018-09-15T11:21:24: +------------------------------+
2018-09-15T11:21:29: === Results ===
2018-09-15T11:21:29:  Normalization .............: 1e-07 +/- 0.496741607527 
2018-09-15T11:21:29:  Upper flux limit ..........: 1.6336051969e-29 ph/cm2/s/MeV
2018-09-15T11:21:29:  Upper flux limit ..........: 1.91356379553e-07 ph/cm2/s
2018-09-15T11:21:29:  Upper flux limit ..........: 1.24672968487e-08 erg/cm2/s
2018-09-15T11:21:29:  Test Statistic ............: -2.67478753813e-07
2018-09-15T11:21:29: +------------------------------+
2018-09-15T11:21:29: | MJD 51544.5166-51544.5193667 |
2018-09-15T11:21:29: +------------------------------+
2018-09-15T11:21:46: === Results ===
2018-09-15T11:21:46:  Normalization .............: 0.899988534151 +/- 0.690844228403 
2018-09-15T11:21:46:  Upper flux limit ..........: 5.28619127716e-29 ph/cm2/s/MeV
2018-09-15T11:21:46:  Upper flux limit ..........: 6.19211071528e-07 ph/cm2/s
2018-09-15T11:21:46:  Upper flux limit ..........: 4.034298861e-08 erg/cm2/s
2018-09-15T11:21:46:  Test Statistic ............: 1.82983350869
2018-09-15T11:21:46: +---------------------------------+
2018-09-15T11:21:46: | MJD 51544.5193667-51544.5221333 |
2018-09-15T11:21:46: +---------------------------------+
2018-09-15T11:21:51: === Results ===
2018-09-15T11:21:51:  Normalization .............: 0.995175857318 +/- 0.86310628917 
2018-09-15T11:21:51:  Upper flux limit ..........: 6.32098359733e-29 ph/cm2/s/MeV
2018-09-15T11:21:51:  Upper flux limit ..........: 7.40424025769e-07 ph/cm2/s
2018-09-15T11:21:51:  Upper flux limit ..........: 4.8240284148e-08 erg/cm2/s
2018-09-15T11:21:51:  Test Statistic ............: 1.42174914002
2018-09-15T11:21:51: +------------------------------+
2018-09-15T11:21:51: | MJD 51544.5221333-51544.5249 |
2018-09-15T11:21:51: +------------------------------+
2018-09-15T11:21:56: === Results ===
2018-09-15T11:21:56:  Normalization .............: 2.22792684702 +/- 1.07899455446 
2018-09-15T11:21:56:  Upper flux limit ..........: 1.01311546039e-28 ph/cm2/s/MeV
2018-09-15T11:21:56:  Upper flux limit ..........: 1.1867378173e-06 ph/cm2/s
2018-09-15T11:21:56:  Upper flux limit ..........: 7.73186276019e-08 erg/cm2/s
2018-09-15T11:21:56:  Test Statistic ............: 4.80957044152
2018-09-15T11:21:56: +------------------------------+
2018-09-15T11:21:56: | MJD 51544.5249-51544.5276667 |
2018-09-15T11:21:56: +------------------------------+
2018-09-15T11:22:00: === Results ===
2018-09-15T11:22:00:  Normalization .............: 1.92861732049 +/- 1.31366156423 
2018-09-15T11:22:00:  Upper flux limit ..........: 1.05503102362e-28 ph/cm2/s/MeV
2018-09-15T11:22:00:  Upper flux limit ..........: 1.23583664755e-06 ph/cm2/s
2018-09-15T11:22:00:  Upper flux limit ..........: 8.05175263953e-08 erg/cm2/s
2018-09-15T11:22:00:  Test Statistic ............: 2.34226195808
2018-09-15T11:22:00: +---------------------------------+
2018-09-15T11:22:00: | MJD 51544.5276667-51544.5304333 |
2018-09-15T11:22:00: +---------------------------------+
2018-09-15T11:22:13: === Results ===
2018-09-15T11:22:13:  Normalization .............: 3.33290854865 +/- 1.58284254439 
2018-09-15T11:22:13:  Upper flux limit ..........: 1.49934175206e-28 ph/cm2/s/MeV
2018-09-15T11:22:13:  Upper flux limit ..........: 1.75629099328e-06 ph/cm2/s
2018-09-15T11:22:13:  Upper flux limit ..........: 1.14426293062e-07 erg/cm2/s
2018-09-15T11:22:13:  Test Statistic ............: 4.99430042887
2018-09-15T11:22:13: +------------------------------+
2018-09-15T11:22:13: | MJD 51544.5304333-51544.5332 |
2018-09-15T11:22:13: +------------------------------+
2018-09-15T11:22:18: === Results ===
2018-09-15T11:22:18:  Normalization .............: 2.01777448964 +/- 1.76260583717 
2018-09-15T11:22:18:  Upper flux limit ..........: 1.28821167374e-28 ph/cm2/s/MeV
2018-09-15T11:22:18:  Upper flux limit ..........: 1.50897856137e-06 ph/cm2/s
2018-09-15T11:22:18:  Upper flux limit ..........: 9.83133340361e-08 erg/cm2/s
2018-09-15T11:22:18:  Test Statistic ............: 1.40250628014
2018-09-15T11:22:18: +------------------------------+
2018-09-15T11:22:18: | MJD 51544.5332-51544.5359667 |
2018-09-15T11:22:18: +------------------------------+
2018-09-15T11:22:32: === Results ===
2018-09-15T11:22:32:  Normalization .............: 0.937700040942 +/- 1.93071042817 
2018-09-15T11:22:32:  Upper flux limit ..........: 1.12251256191e-28 ph/cm2/s/MeV
2018-09-15T11:22:32:  Upper flux limit ..........: 1.31488281415e-06 ph/cm2/s
2018-09-15T11:22:32:  Upper flux limit ..........: 8.56675612469e-08 erg/cm2/s
2018-09-15T11:22:32:  Test Statistic ............: 0.24298659114
2018-09-15T11:22:32: +---------------------------------+
2018-09-15T11:22:32: | MJD 51544.5359667-51544.5387333 |
2018-09-15T11:22:32: +---------------------------------+
2018-09-15T11:22:48: === Results ===
2018-09-15T11:22:48:  Normalization .............: 1e-07 +/- 2.21923557501 
2018-09-15T11:22:48:  Upper flux limit ..........: 1.00888962372e-28 ph/cm2/s/MeV
2018-09-15T11:22:48:  Upper flux limit ..........: 1.18178777915e-06 ph/cm2/s
2018-09-15T11:22:48:  Upper flux limit ..........: 7.69961215258e-08 erg/cm2/s
2018-09-15T11:22:48:  Test Statistic ............: -5.97356120124e-09
2018-09-15T11:22:48: +------------------------------+
2018-09-15T11:22:48: | MJD 51544.5387333-51544.5415 |
2018-09-15T11:22:48: +------------------------------+
2018-09-15T11:22:55: === Results ===
2018-09-15T11:22:55:  Normalization .............: 1e-07 +/- 2.53945164504 
2018-09-15T11:22:55:  Upper flux limit ..........: 6.15341623333e-29 ph/cm2/s/MeV
2018-09-15T11:22:55:  Upper flux limit ..........: 7.20795608715e-07 ph/cm2/s
2018-09-15T11:22:55:  Upper flux limit ..........: 4.69614488009e-08 erg/cm2/s
2018-09-15T11:22:55:  Test Statistic ............: -1.02721969597e-07
2018-09-15T11:22:55: +------------------------------+
2018-09-15T11:22:55: | MJD 51544.5415-51544.5442667 |
2018-09-15T11:22:55: +------------------------------+
2018-09-15T11:23:01: === Results ===
2018-09-15T11:23:01:  Normalization .............: 1e-07 +/- 3.09609636919 
2018-09-15T11:23:01:  Upper flux limit ..........: 5.31267265813e-29 ph/cm2/s/MeV
2018-09-15T11:23:01:  Upper flux limit ..........: 6.22313033494e-07 ph/cm2/s
2018-09-15T11:23:01:  Upper flux limit ..........: 4.05450883818e-08 erg/cm2/s
2018-09-15T11:23:01:  Test Statistic ............: -1.41415512189e-07
2018-09-15T11:23:01: +---------------------------------+
2018-09-15T11:23:01: | MJD 51544.5442667-51544.5470333 |
2018-09-15T11:23:01: +---------------------------------+
2018-09-15T11:23:06: === Results ===
2018-09-15T11:23:06:  Normalization .............: 1e-07 +/- 3.23657729577 
2018-09-15T11:23:06:  Upper flux limit ..........: 1.17760324107e-28 ph/cm2/s/MeV
2018-09-15T11:23:06:  Upper flux limit ..........: 1.37941464185e-06 ph/cm2/s
2018-09-15T11:23:06:  Upper flux limit ..........: 8.98719544006e-08 erg/cm2/s
2018-09-15T11:23:06:  Test Statistic ............: -5.06261130795e-08
2018-09-15T11:23:06: +------------------------------+
2018-09-15T11:23:06: | MJD 51544.5470333-51544.5498 |
2018-09-15T11:23:06: +------------------------------+
2018-09-15T11:23:11: === Results ===
2018-09-15T11:23:11:  Normalization .............: 7.31742502136 +/- 3.84592634384 
2018-09-15T11:23:11:  Upper flux limit ..........: 3.4672690736e-28 ph/cm2/s/MeV
2018-09-15T11:23:11:  Upper flux limit ..........: 4.06147126687e-06 ph/cm2/s
2018-09-15T11:23:11:  Upper flux limit ..........: 2.64613952484e-07 erg/cm2/s
2018-09-15T11:23:11:  Test Statistic ............: 4.03259668109
2018-09-15T11:23:11: +------------------------------+
2018-09-15T11:23:11: | MJD 51544.5498-51544.5525667 |
2018-09-15T11:23:11: +------------------------------+
2018-09-15T11:23:30: === Results ===
2018-09-15T11:23:30:  Normalization .............: 4.93973113554 +/- 4.12307943837 
2018-09-15T11:23:30:  Upper flux limit ..........: 3.05750403728e-28 ph/cm2/s/MeV
2018-09-15T11:23:30:  Upper flux limit ..........: 3.58148287087e-06 ph/cm2/s
2018-09-15T11:23:30:  Upper flux limit ..........: 2.33341633104e-07 erg/cm2/s
2018-09-15T11:23:30:  Test Statistic ............: 1.5367096078
2018-09-15T11:23:30: +---------------------------------+
2018-09-15T11:23:30: | MJD 51544.5525667-51544.5553333 |
2018-09-15T11:23:30: +---------------------------------+
2018-09-15T11:23:35: === Results ===
2018-09-15T11:23:35:  Normalization .............: 1e-07 +/- 4.23044590336 
2018-09-15T11:23:35:  Upper flux limit ..........: 1.63039150053e-28 ph/cm2/s/MeV
2018-09-15T11:23:35:  Upper flux limit ..........: 1.90979935292e-06 ph/cm2/s
2018-09-15T11:23:35:  Upper flux limit ..........: 1.24427706617e-07 erg/cm2/s
2018-09-15T11:23:35:  Test Statistic ............: -1.69238774106e-08
2018-09-15T11:23:35: +------------------------------+
2018-09-15T11:23:35: | MJD 51544.5553333-51544.5581 |
2018-09-15T11:23:35: +------------------------------+
2018-09-15T11:23:49: === Results ===
2018-09-15T11:23:49:  Normalization .............: 2.82450256664 +/- 4.71515124 
2018-09-15T11:23:49:  Upper flux limit ..........: 2.86174929472e-28 ph/cm2/s/MeV
2018-09-15T11:23:49:  Upper flux limit ..........: 3.35218071825e-06 ph/cm2/s
2018-09-15T11:23:49:  Upper flux limit ..........: 2.18402084125e-07 erg/cm2/s
2018-09-15T11:23:49:  Test Statistic ............: 0.372396357903
2018-09-15T11:23:49: +------------------------------+
2018-09-15T11:23:49: | MJD 51544.5581-51544.5608667 |
2018-09-15T11:23:49: +------------------------------+
2018-09-15T11:24:09: === Results ===
2018-09-15T11:24:09:  Normalization .............: 1e-07 +/- 5.00047214848 
2018-09-15T11:24:09:  Upper flux limit ..........: 2.24056698194e-28 ph/cm2/s/MeV
2018-09-15T11:24:09:  Upper flux limit ..........: 2.6245434737e-06 ph/cm2/s
2018-09-15T11:24:09:  Upper flux limit ..........: 1.70994887421e-07 erg/cm2/s
2018-09-15T11:24:09:  Test Statistic ............: 5.57549356017e-07
2018-09-15T11:24:09: +---------------------------------+
2018-09-15T11:24:09: | MJD 51544.5608667-51544.5636333 |
2018-09-15T11:24:09: +---------------------------------+
2018-09-15T11:24:15: === Results ===
2018-09-15T11:24:15:  Normalization .............: 1e-07 +/- 5.44911956409 
2018-09-15T11:24:15:  Upper flux limit ..........: 2.16643010417e-28 ph/cm2/s/MeV
2018-09-15T11:24:15:  Upper flux limit ..........: 2.53770141082e-06 ph/cm2/s
2018-09-15T11:24:15:  Upper flux limit ..........: 1.65336932461e-07 erg/cm2/s
2018-09-15T11:24:15:  Test Statistic ............: -1.08877429739e-07
2018-09-15T11:24:15: +------------------------------+
2018-09-15T11:24:15: | MJD 51544.5636333-51544.5664 |
2018-09-15T11:24:15: +------------------------------+
2018-09-15T11:24:20: === Results ===
2018-09-15T11:24:20:  Normalization .............: 3.59337933763 +/- 5.81940691057 
2018-09-15T11:24:20:  Upper flux limit ..........: 3.5582029007e-28 ph/cm2/s/MeV
2018-09-15T11:24:20:  Upper flux limit ..........: 4.16798885121e-06 ph/cm2/s
2018-09-15T11:24:20:  Upper flux limit ..........: 2.71553811749e-07 erg/cm2/s
2018-09-15T11:24:20:  Test Statistic ............: 0.395471724871
2018-09-15T11:24:20: +------------------------------+
2018-09-15T11:24:20: | MJD 51544.5664-51544.5691667 |
2018-09-15T11:24:20: +------------------------------+
2018-09-15T11:24:35: === Results ===
2018-09-15T11:24:35:  Normalization .............: 7.19556277114 +/- 6.55162899159 
2018-09-15T11:24:35:  Upper flux limit ..........: 4.71483787074e-28 ph/cm2/s/MeV
2018-09-15T11:24:35:  Upper flux limit ..........: 5.52284179091e-06 ph/cm2/s
2018-09-15T11:24:35:  Upper flux limit ..........: 3.59825516226e-07 erg/cm2/s
2018-09-15T11:24:35:  Test Statistic ............: 1.28818583569
2018-09-15T11:24:35: +---------------------------------+
2018-09-15T11:24:35: | MJD 51544.5691667-51544.5719333 |
2018-09-15T11:24:35: +---------------------------------+
2018-09-15T11:24:49: === Results ===
2018-09-15T11:24:49:  Normalization .............: 16.8638286655 +/- 7.45261601308 
2018-09-15T11:24:49:  Upper flux limit ..........: 7.32359967124e-28 ph/cm2/s/MeV
2018-09-15T11:24:49:  Upper flux limit ..........: 8.57867935931e-06 ph/cm2/s
2018-09-15T11:24:49:  Upper flux limit ..........: 5.58920180201e-07 erg/cm2/s
2018-09-15T11:24:49:  Test Statistic ............: 5.82778456053
2018-09-15T11:24:49: +------------------------------+
2018-09-15T11:24:49: | MJD 51544.5719333-51544.5747 |
2018-09-15T11:24:49: +------------------------------+
2018-09-15T11:24:54: === Results ===
2018-09-15T11:24:54:  Normalization .............: 2.831504302 +/- 7.07792002645 
2018-09-15T11:24:54:  Upper flux limit ..........: 3.98308714486e-28 ph/cm2/s/MeV
2018-09-15T11:24:54:  Upper flux limit ..........: 4.66568750475e-06 ph/cm2/s
2018-09-15T11:24:54:  Upper flux limit ..........: 3.03979994087e-07 erg/cm2/s
2018-09-15T11:24:54:  Test Statistic ............: 0.163958191879
2018-09-15T11:24:54: +------------------------------+
2018-09-15T11:24:54: | MJD 51544.5747-51544.5774667 |
2018-09-15T11:24:54: +------------------------------+
2018-09-15T11:24:59: === Results ===
2018-09-15T11:24:59:  Normalization .............: 6.36047368131 +/- 7.65759668971 
2018-09-15T11:24:59:  Upper flux limit ..........: 5.05326097557e-28 ph/cm2/s/MeV
2018-09-15T11:24:59:  Upper flux limit ..........: 5.91926205341e-06 ph/cm2/s
2018-09-15T11:24:59:  Upper flux limit ..........: 3.8565318448e-07 erg/cm2/s
2018-09-15T11:24:59:  Test Statistic ............: 0.724872126979
2018-09-15T11:24:59: +---------------------------------+
2018-09-15T11:24:59: | MJD 51544.5774667-51544.5802333 |
2018-09-15T11:24:59: +---------------------------------+
2018-09-15T11:25:05: === Results ===
2018-09-15T11:25:05:  Normalization .............: 1e-07 +/- 8.54435872056 
2018-09-15T11:25:05:  Upper flux limit ..........: 1.8417067694e-28 ph/cm2/s/MeV
2018-09-15T11:25:05:  Upper flux limit ..........: 2.15732871235e-06 ph/cm2/s
2018-09-15T11:25:05:  Upper flux limit ..........: 1.40554798957e-07 erg/cm2/s
2018-09-15T11:25:05:  Test Statistic ............: -0.057876050545
2018-09-15T11:25:05: +-----------------------------+
2018-09-15T11:25:05: | MJD 51544.5802333-51544.583 |
2018-09-15T11:25:05: +-----------------------------+
2018-09-15T11:25:20: === Results ===
2018-09-15T11:25:20:  Normalization .............: 6.9523632499 +/- 8.90374755249 
2018-09-15T11:25:20:  Upper flux limit ..........: 5.76408631957e-28 ph/cm2/s/MeV
2018-09-15T11:25:20:  Upper flux limit ..........: 6.75190487666e-06 ph/cm2/s
2018-09-15T11:25:20:  Upper flux limit ..........: 4.39901729894e-07 erg/cm2/s
2018-09-15T11:25:20:  Test Statistic ............: 0.638786624055
2018-09-15T11:25:20: 
2018-09-15T11:25:20: +==================+
2018-09-15T11:25:20: | Save light curve |
2018-09-15T11:25:20: +==================+
2018-09-15T11:25:20:  Light curve file ..........: ../080916/lightcurve.fits
2018-09-15T11:25:20: 
2018-09-15T11:25:20: Application "cslightcrv" terminated after 335 wall clock seconds, consuming 290.795 seconds of CPU time.
