2018-09-15T11:25:48: ********************************************************************************
2018-09-15T11:25:48: *                                    csspec                                    *
2018-09-15T11:25:48: * ---------------------------------------------------------------------------- *
2018-09-15T11:25:48: * Version: 1.3.0                                                               *
2018-09-15T11:25:48: ********************************************************************************
2018-09-15T11:26:22: +============+
2018-09-15T11:26:22: | Parameters |
2018-09-15T11:26:22: +============+
2018-09-15T11:26:22:  inobs .....................: ../080916/events.fits
2018-09-15T11:26:22:  inmodel ...................: GRB080916009.xml
2018-09-15T11:26:22:  srcname ...................: GRB080916009
2018-09-15T11:26:22:  expcube ...................: [not queried]
2018-09-15T11:26:22:  psfcube ...................: [not queried]
2018-09-15T11:26:22:  edispcube .................: [not queried]
2018-09-15T11:26:22:  bkgcube ...................: [not queried]
2018-09-15T11:26:22:  caldb .....................: prod2
2018-09-15T11:26:22:  irf .......................: South_0.5h
2018-09-15T11:26:22:  edisp .....................: no
2018-09-15T11:26:22:  outfile ...................: spectrum.fits
2018-09-15T11:26:22:  emin ......................: 0.03
2018-09-15T11:26:22:  emax ......................: 0.1
2018-09-15T11:26:22:  enumbins ..................: 5
2018-09-15T11:26:22:  ebinalg ...................: LOG
2018-09-15T11:26:22:  ebinfile ..................: [not queried]
2018-09-15T11:26:22:  calc_ts ...................: yes
2018-09-15T11:26:22:  calc_ulim .................: yes
2018-09-15T11:26:22:  fix_srcs ..................: yes
2018-09-15T11:26:22:  fix_bkg ...................: no
2018-09-15T11:26:22:  publish ...................: no
2018-09-15T11:26:22:  chatter ...................: 2
2018-09-15T11:26:22:  clobber ...................: yes
2018-09-15T11:26:22:  debug .....................: no
2018-09-15T11:26:22:  mode ......................: ql
2018-09-15T11:26:22:  logfile ...................: ../080916/csspec.log
2018-09-15T11:26:22: 
2018-09-15T11:26:22: +==================+
2018-09-15T11:26:22: | Spectral binning |
2018-09-15T11:26:22: +==================+
2018-09-15T11:26:22:  Bin 1 .....................: 30 GeV - 38.1677890961818 GeV
2018-09-15T11:26:22:  Bin 2 .....................: 38.1677890961818 GeV - 48.5593374830204 GeV
2018-09-15T11:26:22:  Bin 3 .....................: 48.5593374830204 GeV - 61.7800850567412 GeV
2018-09-15T11:26:22:  Bin 4 .....................: 61.7800850567412 GeV - 78.6003085596623 GeV
2018-09-15T11:26:22:  Bin 5 .....................: 78.6003085596623 GeV - 100 GeV
2018-09-15T11:26:22: 
2018-09-15T11:26:22: +=============+
2018-09-15T11:26:22: | Observation |
2018-09-15T11:26:22: +=============+
2018-09-15T11:26:22: === GObservations ===
2018-09-15T11:26:22:  Number of observations ....: 1
2018-09-15T11:26:22:  Number of models ..........: 2
2018-09-15T11:26:22:  Number of observed events .: 305787
2018-09-15T11:26:22:  Number of predicted events : 0
2018-09-15T11:26:22: 
2018-09-15T11:26:22: +=========================+
2018-09-15T11:26:22: | Adjust model parameters |
2018-09-15T11:26:22: +=========================+
2018-09-15T11:26:22: 
2018-09-15T11:26:22: +===================+
2018-09-15T11:26:22: | Generate spectrum |
2018-09-15T11:26:22: +===================+
2018-09-15T11:26:22: === GEbounds ===
2018-09-15T11:26:22:  Number of intervals .......: 5
2018-09-15T11:26:22:  Energy range ..............: 30 GeV - 100 GeV
2018-09-15T11:36:51:  Bin 1 .....................: 3.27849762845e-08 +/- 7.04338724602e-10 [< 3.9828256057e-08] erg/cm2/s (TS = 12592.7112432)
2018-09-15T11:47:09:  Bin 2 .....................: 2.03037630164e-08 +/- 5.0074282981e-10 [< 2.53111149072e-08] erg/cm2/s (TS = 9728.50268488)
2018-09-15T11:56:58:  Bin 3 .....................: 1.10188896807e-08 +/- 3.41454637898e-10 [< 1.44333839578e-08] erg/cm2/s (TS = 6368.7382066)
2018-09-15T12:00:47:  Bin 4 .....................: 5.35350367844e-09 +/- 2.24270798404e-10 [< 7.59619455197e-09] erg/cm2/s (TS = 3497.88743594)
2018-09-15T12:11:30:  Bin 5 .....................: 1.7005543761e-09 +/- 1.21854602814e-10 [< 2.91909575586e-09] erg/cm2/s (TS = 1089.82729871)
2018-09-15T12:11:30: +===============+
2018-09-15T12:11:30: | Save spectrum |
2018-09-15T12:11:30: +===============+
2018-09-15T12:11:30:  Spectrum file .............: spectrum.fits
2018-09-15T12:11:30: 
2018-09-15T12:11:30: Application "csspec" terminated after 2742 wall clock seconds, consuming 2687.3 seconds of CPU time.
