2018-11-02T12:24:50: ********************************************************************************
2018-11-02T12:24:50: *                                     ctbin                                    *
2018-11-02T12:24:50: * ---------------------------------------------------------------------------- *
2018-11-02T12:24:50: * Version: 1.5.2                                                               *
2018-11-02T12:24:50: ********************************************************************************
2018-11-02T12:25:56: +============+
2018-11-02T12:25:56: | Parameters |
2018-11-02T12:25:56: +============+
2018-11-02T12:25:56:  inobs .....................: selected_events.fits
2018-11-02T12:25:56:  outcube ...................: cntcube.fits
2018-11-02T12:25:56:  ebinalg ...................: LOG
2018-11-02T12:25:56:  emin ......................: 0.03
2018-11-02T12:25:56:  emax ......................: 0.1
2018-11-02T12:25:56:  enumbins ..................: 1
2018-11-02T12:25:56:  ebinfile ..................: [not queried]
2018-11-02T12:25:56:  usepnt ....................: no
2018-11-02T12:25:56:  nxpix .....................: 200
2018-11-02T12:25:56:  nypix .....................: 200
2018-11-02T12:25:56:  binsz .....................: 0.02
2018-11-02T12:25:56:  coordsys ..................: CEL
2018-11-02T12:25:56:  proj ......................: CAR
2018-11-02T12:25:56:  xref ......................: 329.719
2018-11-02T12:25:56:  yref ......................: -30.2217
2018-11-02T12:25:56:  publish ...................: no
2018-11-02T12:25:56:  chatter ...................: 2
2018-11-02T12:25:56:  clobber ...................: yes
2018-11-02T12:25:56:  debug .....................: no
2018-11-02T12:25:56:  mode ......................: ql
2018-11-02T12:25:56:  logfile ...................: ctbin.log
2018-11-02T12:25:56: 
2018-11-02T12:25:56: +===================+
2018-11-02T12:25:56: | Input observation |
2018-11-02T12:25:56: +===================+
2018-11-02T12:25:56: === GObservations ===
2018-11-02T12:25:56:  Number of observations ....: 1
2018-11-02T12:25:56:  Number of models ..........: 0
2018-11-02T12:25:56:  Number of observed events .: 1521
2018-11-02T12:25:56:  Number of predicted events : 0
2018-11-02T12:25:56: 
2018-11-02T12:25:56: +===========================+
2018-11-02T12:25:56: | Find unbinned observation |
2018-11-02T12:25:56: +===========================+
2018-11-02T12:25:56: === CTA observation (id=000001) ===
2018-11-02T12:25:56:  Including unbinned CTA observation
2018-11-02T12:25:56: 
2018-11-02T12:25:56: +=================+
2018-11-02T12:25:56: | Bin observation |
2018-11-02T12:25:56: +=================+
2018-11-02T12:25:56: === CTA observation (id=000001) ===
2018-11-02T12:25:56:  Events in list ............: 1521
2018-11-02T12:25:56:  Events in cube ............: 1469
2018-11-02T12:25:56:  Events outside RoI ........: 0
2018-11-02T12:25:56:  Events with invalid WCS ...: 0
2018-11-02T12:25:56:  Events outside cube area ..: 52
2018-11-02T12:25:56:  Events outside energy bins : 0
2018-11-02T12:25:56: 
2018-11-02T12:25:56: +====================+
2018-11-02T12:25:56: | Binned observation |
2018-11-02T12:25:56: +====================+
2018-11-02T12:25:56: === GObservations ===
2018-11-02T12:25:56:  Number of observations ....: 1
2018-11-02T12:25:56:  Number of models ..........: 0
2018-11-02T12:25:56:  Number of observed events .: 1469
2018-11-02T12:25:56:  Number of predicted events : 0
2018-11-02T12:25:56: 
2018-11-02T12:25:56: +==================+
2018-11-02T12:25:56: | Save counts cube |
2018-11-02T12:25:56: +==================+
2018-11-02T12:25:56:  Counts cube file ..........: cntcube.fits
2018-11-02T12:25:56: 
2018-11-02T12:25:56: Application "ctbin" terminated after 66 wall clock seconds, consuming 0.303982 seconds of CPU time.
