2018-10-19T13:07:09: ********************************************************************************
2018-10-19T13:07:09: *                                     ctbin                                    *
2018-10-19T13:07:09: * ---------------------------------------------------------------------------- *
2018-10-19T13:07:09: * Version: 1.3.0                                                               *
2018-10-19T13:07:09: ********************************************************************************
2018-10-19T13:07:32: +============+
2018-10-19T13:07:32: | Parameters |
2018-10-19T13:07:32: +============+
2018-10-19T13:07:32:  inobs .....................: events.fits
2018-10-19T13:07:32:  outcube ...................: cntcurbe_stacked.fits
2018-10-19T13:07:32:  ebinalg ...................: LOG
2018-10-19T13:07:32:  emin ......................: 0.03
2018-10-19T13:07:32:  emax ......................: 0.1
2018-10-19T13:07:32:  enumbins ..................: 1
2018-10-19T13:07:32:  ebinfile ..................: [not queried]
2018-10-19T13:07:32:  usepnt ....................: no
2018-10-19T13:07:32:  nxpix .....................: 200
2018-10-19T13:07:32:  nypix .....................: 200
2018-10-19T13:07:32:  binsz .....................: 0.02
2018-10-19T13:07:32:  coordsys ..................: CEL
2018-10-19T13:07:32:  proj ......................: CAR
2018-10-19T13:07:32:  xref ......................: 329.719
2018-10-19T13:07:32:  yref ......................: -30.2217
2018-10-19T13:07:32:  publish ...................: no
2018-10-19T13:07:32:  chatter ...................: 2
2018-10-19T13:07:32:  clobber ...................: yes
2018-10-19T13:07:32:  debug .....................: no
2018-10-19T13:07:32:  mode ......................: ql
2018-10-19T13:07:32:  logfile ...................: ctbin.log
2018-10-19T13:07:32: 
2018-10-19T13:07:32: +===================+
2018-10-19T13:07:32: | Input observation |
2018-10-19T13:07:32: +===================+
2018-10-19T13:07:32: === GObservations ===
2018-10-19T13:07:32:  Number of observations ....: 1
2018-10-19T13:07:32:  Number of models ..........: 0
2018-10-19T13:07:32:  Number of observed events .: 305787
2018-10-19T13:07:32:  Number of predicted events : 0
2018-10-19T13:07:32: 
2018-10-19T13:07:32: +=================+
2018-10-19T13:07:32: | Bin observation |
2018-10-19T13:07:32: +=================+
2018-10-19T13:07:32: === CTA observation ===
2018-10-19T13:07:33:  Events in list ............: 305787
2018-10-19T13:07:33:  Events in cube ............: 274879
2018-10-19T13:07:33:  Events outside RoI ........: 0
2018-10-19T13:07:33:  Events with invalid WCS ...: 0
2018-10-19T13:07:33:  Events outside cube area ..: 30908
2018-10-19T13:07:33:  Events outside energy bins : 0
2018-10-19T13:07:33: 
2018-10-19T13:07:33: +====================+
2018-10-19T13:07:33: | Binned observation |
2018-10-19T13:07:33: +====================+
2018-10-19T13:07:33: === GObservations ===
2018-10-19T13:07:33:  Number of observations ....: 1
2018-10-19T13:07:33:  Number of models ..........: 0
2018-10-19T13:07:33:  Number of observed events .: 274879
2018-10-19T13:07:33:  Number of predicted events : 0
2018-10-19T13:07:33: 
2018-10-19T13:07:33: +==================+
2018-10-19T13:07:33: | Save counts cube |
2018-10-19T13:07:33: +==================+
2018-10-19T13:07:33:  Counts cube file ..........: cntcurbe_stacked.fits
2018-10-19T13:07:33: 
2018-10-19T13:07:33: Application "ctbin" terminated after 24 wall clock seconds, consuming 0.634161 seconds of CPU time.
