2018-09-15T11:17:28: ********************************************************************************
2018-09-15T11:17:28: *                                   ctobssim                                   *
2018-09-15T11:17:28: * ---------------------------------------------------------------------------- *
2018-09-15T11:17:28: * Version: 1.3.0                                                               *
2018-09-15T11:17:28: ********************************************************************************
2018-09-15T11:18:23: +============+
2018-09-15T11:18:23: | Parameters |
2018-09-15T11:18:23: +============+
2018-09-15T11:18:23:  inobs .....................: NONE
2018-09-15T11:18:23:  inmodel ...................: GRB080916009.xml
2018-09-15T11:18:23:  caldb .....................: prod2
2018-09-15T11:18:23:  irf .......................: South_0.5h
2018-09-15T11:18:23:  edisp .....................: no
2018-09-15T11:18:23:  outevents .................: ../080916/events.fits
2018-09-15T11:18:23:  prefix ....................: sim_events_
2018-09-15T11:18:23:  startindex ................: 1
2018-09-15T11:18:23:  seed ......................: 1
2018-09-15T11:18:23:  ra ........................: 329.719
2018-09-15T11:18:23:  dec .......................: -30.2217
2018-09-15T11:18:23:  rad .......................: 5.0
2018-09-15T11:18:23:  tmin ......................: 0
2018-09-15T11:18:23:  tmax ......................: 7200
2018-09-15T11:18:23:  emin ......................: 0.03
2018-09-15T11:18:23:  emax ......................: 0.1
2018-09-15T11:18:23:  deadc .....................: 0.98
2018-09-15T11:18:23:  maxrate ...................: 1.0e6
2018-09-15T11:18:23:  eslices ...................: 10
2018-09-15T11:18:23:  publish ...................: no
2018-09-15T11:18:23:  chatter ...................: 2
2018-09-15T11:18:23:  clobber ...................: yes
2018-09-15T11:18:23:  debug .....................: no
2018-09-15T11:18:23:  mode ......................: ql
2018-09-15T11:18:23:  logfile ...................: ../080916/ctobssim.log
2018-09-15T11:18:23: 
2018-09-15T11:18:23: +================+
2018-09-15T11:18:23: | Execution mode |
2018-09-15T11:18:23: +================+
2018-09-15T11:18:23:  Event list management .....: Save and dispose (reduces memory needs)
2018-09-15T11:18:23:  Output format .............: Write single event list FITS file
2018-09-15T11:18:23: 
2018-09-15T11:18:23: +=============+
2018-09-15T11:18:23: | Seed values |
2018-09-15T11:18:23: +=============+
2018-09-15T11:18:23:  Seed 0 ....................: 9717486569
2018-09-15T11:18:23: 
2018-09-15T11:18:23: +===================+
2018-09-15T11:18:23: | Input observation |
2018-09-15T11:18:23: +===================+
2018-09-15T11:18:23: === GObservations ===
2018-09-15T11:18:23:  Number of observations ....: 1
2018-09-15T11:18:23:  Number of models ..........: 2
2018-09-15T11:18:23:  Number of observed events .: 0
2018-09-15T11:18:23:  Number of predicted events : 0
2018-09-15T11:18:23: 
2018-09-15T11:18:23: +======================+
2018-09-15T11:18:23: | Simulate observation |
2018-09-15T11:18:23: +======================+
2018-09-15T11:18:36:  MC identifier 1 ...........: GRB080916009
2018-09-15T11:18:36:  MC identifier 2 ...........: Background
2018-09-15T11:18:23: === CTA observation ===
2018-09-15T11:18:23:  Simulation cone ...........: RA=329.719 deg, Dec=-30.2217 deg, radius=5.5 deg
2018-09-15T11:18:23:  Time interval .............: 0 - 7200 s
2018-09-15T11:18:23:  Photon energy range .......: 30 GeV - 33.838346190165 GeV
2018-09-15T11:18:23:  Event energy range ........: 30 GeV - 33.838346190165 GeV
2018-09-15T11:18:23:   Simulation area ..........: 5.88064e+08 cm2
2018-09-15T11:18:23:   Use model ................: GRB080916009
2018-09-15T11:18:23:   Normalization ............: 1 [GRB080916009]
2018-09-15T11:18:23:   Flux .....................: 8.40498e-08 [GRB080916009] photons/cm2/s
2018-09-15T11:18:23:   Normalized flux ..........: 8.40498e-08 [GRB080916009] photons/cm2/s
2018-09-15T11:18:23:   Photon rate ..............: 49.4267 photons/s [GRB080916009]
2018-09-15T11:18:23:   MC source photons ........: 2942 [GRB080916009]
2018-09-15T11:18:23:   MC source events .........: 1235 [GRB080916009]
2018-09-15T11:18:23:   MC source events .........: 1235 (all source models)
2018-09-15T11:18:23:  Photon energy range .......: 33.838346190165 GeV - 38.1677890961818 GeV
2018-09-15T11:18:23:  Event energy range ........: 33.838346190165 GeV - 38.1677890961818 GeV
2018-09-15T11:18:23:   Simulation area ..........: 7.38695e+08 cm2
2018-09-15T11:18:23:   Use model ................: GRB080916009
2018-09-15T11:18:23:   Normalization ............: 1 [GRB080916009]
2018-09-15T11:18:23:   Flux .....................: 6.13756e-08 [GRB080916009] photons/cm2/s
2018-09-15T11:18:23:   Normalized flux ..........: 6.13756e-08 [GRB080916009] photons/cm2/s
2018-09-15T11:18:23:   Photon rate ..............: 45.3378 photons/s [GRB080916009]
2018-09-15T11:18:23:   MC source photons ........: 2767 [GRB080916009]
2018-09-15T11:18:23:   MC source events .........: 1260 [GRB080916009]
2018-09-15T11:18:23:   MC source events .........: 1260 (all source models)
2018-09-15T11:18:23:  Photon energy range .......: 38.1677890961818 GeV - 43.0511620249934 GeV
2018-09-15T11:18:23:  Event energy range ........: 38.1677890961818 GeV - 43.0511620249934 GeV
2018-09-15T11:18:23:   Simulation area ..........: 9.08463e+08 cm2
2018-09-15T11:18:23:   Use model ................: GRB080916009
2018-09-15T11:18:23:   Normalization ............: 1 [GRB080916009]
2018-09-15T11:18:23:   Flux .....................: 4.36056e-08 [GRB080916009] photons/cm2/s
2018-09-15T11:18:23:   Normalized flux ..........: 4.36056e-08 [GRB080916009] photons/cm2/s
2018-09-15T11:18:23:   Photon rate ..............: 39.614 photons/s [GRB080916009]
2018-09-15T11:18:23:   MC source photons ........: 2366 [GRB080916009]
2018-09-15T11:18:23:   MC source events .........: 1042 [GRB080916009]
2018-09-15T11:18:23:   MC source events .........: 1042 (all source models)
2018-09-15T11:18:23:  Photon energy range .......: 43.0511620249934 GeV - 48.5593374830204 GeV
2018-09-15T11:18:23:  Event energy range ........: 43.0511620249934 GeV - 48.5593374830204 GeV
2018-09-15T11:18:23:   Simulation area ..........: 1.10134e+09 cm2
2018-09-15T11:18:23:   Use model ................: GRB080916009
2018-09-15T11:18:23:   Normalization ............: 1 [GRB080916009]
2018-09-15T11:18:23:   Flux .....................: 2.9996e-08 [GRB080916009] photons/cm2/s
2018-09-15T11:18:23:   Normalized flux ..........: 2.9996e-08 [GRB080916009] photons/cm2/s
2018-09-15T11:18:23:   Photon rate ..............: 33.0357 photons/s [GRB080916009]
2018-09-15T11:18:23:   MC source photons ........: 1916 [GRB080916009]
2018-09-15T11:18:23:   MC source events .........: 867 [GRB080916009]
2018-09-15T11:18:23:   MC source events .........: 867 (all source models)
2018-09-15T11:18:23:  Photon energy range .......: 48.5593374830204 GeV - 54.7722557505166 GeV
2018-09-15T11:18:23:  Event energy range ........: 48.5593374830204 GeV - 54.7722557505166 GeV
2018-09-15T11:18:23:   Simulation area ..........: 1.32333e+09 cm2
2018-09-15T11:18:23:   Use model ................: GRB080916009
2018-09-15T11:18:23:   Normalization ............: 1 [GRB080916009]
2018-09-15T11:18:23:   Flux .....................: 1.98702e-08 [GRB080916009] photons/cm2/s
2018-09-15T11:18:23:   Normalized flux ..........: 1.98702e-08 [GRB080916009] photons/cm2/s
2018-09-15T11:18:23:   Photon rate ..............: 26.2949 photons/s [GRB080916009]
2018-09-15T11:18:23:   MC source photons ........: 1572 [GRB080916009]
2018-09-15T11:18:23:   MC source events .........: 697 [GRB080916009]
2018-09-15T11:18:23:   MC source events .........: 697 (all source models)
2018-09-15T11:18:23:  Photon energy range .......: 54.7722557505166 GeV - 61.7800850567412 GeV
2018-09-15T11:18:23:  Event energy range ........: 54.7722557505166 GeV - 61.7800850567412 GeV
2018-09-15T11:18:23:   Simulation area ..........: 1.58088e+09 cm2
2018-09-15T11:18:23:   Use model ................: GRB080916009
2018-09-15T11:18:23:   Normalization ............: 1 [GRB080916009]
2018-09-15T11:18:23:   Flux .....................: 1.25083e-08 [GRB080916009] photons/cm2/s
2018-09-15T11:18:23:   Normalized flux ..........: 1.25083e-08 [GRB080916009] photons/cm2/s
2018-09-15T11:18:23:   Photon rate ..............: 19.7742 photons/s [GRB080916009]
2018-09-15T11:18:23:   MC source photons ........: 1202 [GRB080916009]
2018-09-15T11:18:23:   MC source events .........: 493 [GRB080916009]
2018-09-15T11:18:23:   MC source events .........: 493 (all source models)
2018-09-15T11:18:23:  Photon energy range .......: 61.7800850567412 GeV - 69.6845301935949 GeV
2018-09-15T11:18:23:  Event energy range ........: 61.7800850567412 GeV - 69.6845301935949 GeV
2018-09-15T11:18:23:   Simulation area ..........: 1.87843e+09 cm2
2018-09-15T11:18:23:   Use model ................: GRB080916009
2018-09-15T11:18:23:   Normalization ............: 1 [GRB080916009]
2018-09-15T11:18:23:   Flux .....................: 7.49757e-09 [GRB080916009] photons/cm2/s
2018-09-15T11:18:23:   Normalized flux ..........: 7.49757e-09 [GRB080916009] photons/cm2/s
2018-09-15T11:18:23:   Photon rate ..............: 14.0837 photons/s [GRB080916009]
2018-09-15T11:18:23:   MC source photons ........: 881 [GRB080916009]
2018-09-15T11:18:23:   MC source events .........: 390 [GRB080916009]
2018-09-15T11:18:23:   MC source events .........: 390 (all source models)
2018-09-15T11:18:23:  Photon energy range .......: 69.6845301935949 GeV - 78.6003085596623 GeV
2018-09-15T11:18:23:  Event energy range ........: 69.6845301935949 GeV - 78.6003085596623 GeV
2018-09-15T11:18:23:   Simulation area ..........: 2.20475e+09 cm2
2018-09-15T11:18:23:   Use model ................: GRB080916009
2018-09-15T11:18:23:   Normalization ............: 1 [GRB080916009]
2018-09-15T11:18:23:   Flux .....................: 4.25395e-09 [GRB080916009] photons/cm2/s
2018-09-15T11:18:23:   Normalized flux ..........: 4.25395e-09 [GRB080916009] photons/cm2/s
2018-09-15T11:18:23:   Photon rate ..............: 9.37891 photons/s [GRB080916009]
2018-09-15T11:18:23:   MC source photons ........: 554 [GRB080916009]
2018-09-15T11:18:23:   MC source events .........: 256 [GRB080916009]
2018-09-15T11:18:23:   MC source events .........: 256 (all source models)
2018-09-15T11:18:23:  Photon energy range .......: 78.6003085596623 GeV - 88.6568150565213 GeV
2018-09-15T11:18:23:  Event energy range ........: 78.6003085596623 GeV - 88.6568150565213 GeV
2018-09-15T11:18:23:   Simulation area ..........: 2.57105e+09 cm2
2018-09-15T11:18:23:   Use model ................: GRB080916009
2018-09-15T11:18:23:   Normalization ............: 1 [GRB080916009]
2018-09-15T11:18:23:   Flux .....................: 2.25021e-09 [GRB080916009] photons/cm2/s
2018-09-15T11:18:23:   Normalized flux ..........: 2.25021e-09 [GRB080916009] photons/cm2/s
2018-09-15T11:18:23:   Photon rate ..............: 5.78542 photons/s [GRB080916009]
2018-09-15T11:18:23:   MC source photons ........: 329 [GRB080916009]
2018-09-15T11:18:23:   MC source events .........: 140 [GRB080916009]
2018-09-15T11:18:23:   MC source events .........: 140 (all source models)
2018-09-15T11:18:23:  Photon energy range .......: 88.6568150565213 GeV - 100 GeV
2018-09-15T11:18:23:  Event energy range ........: 88.6568150565213 GeV - 100 GeV
2018-09-15T11:18:23:   Simulation area ..........: 2.93093e+09 cm2
2018-09-15T11:18:23:   Use model ................: GRB080916009
2018-09-15T11:18:23:   Normalization ............: 1 [GRB080916009]
2018-09-15T11:18:23:   Flux .....................: 1.08721e-09 [GRB080916009] photons/cm2/s
2018-09-15T11:18:23:   Normalized flux ..........: 1.08721e-09 [GRB080916009] photons/cm2/s
2018-09-15T11:18:23:   Photon rate ..............: 3.18654 photons/s [GRB080916009]
2018-09-15T11:18:23:   MC source photons ........: 183 [GRB080916009]
2018-09-15T11:18:23:   MC source events .........: 80 [GRB080916009]
2018-09-15T11:18:23:   MC source events .........: 80 (all source models)
2018-09-15T11:18:23:  MC source photons .........: 14712 [GRB080916009]
2018-09-15T11:18:23:  MC source events ..........: 6460 [GRB080916009]
2018-09-15T11:18:36:  MC events outside ROI .....: 0
2018-09-15T11:18:36:  MC background events ......: 299327
2018-09-15T11:18:36:  MC events .................: 305787 (all models)
2018-09-15T11:18:37: 
2018-09-15T11:18:37: +==================+
2018-09-15T11:18:37: | Save observation |
2018-09-15T11:18:37: +==================+
2018-09-15T11:18:37: 
2018-09-15T11:18:37: Application "ctobssim" terminated after 69 wall clock seconds, consuming 16.5413 seconds of CPU time.
