2018-11-02T12:23:47: ********************************************************************************
2018-11-02T12:23:47: *                                   ctselect                                   *
2018-11-02T12:23:47: * ---------------------------------------------------------------------------- *
2018-11-02T12:23:47: * Version: 1.5.2                                                               *
2018-11-02T12:23:47: ********************************************************************************
2018-11-02T12:23:58: +============+
2018-11-02T12:23:58: | Parameters |
2018-11-02T12:23:58: +============+
2018-11-02T12:23:58:  inobs .....................: events.fits
2018-11-02T12:23:58:  outobs ....................: selected_events.fits
2018-11-02T12:23:58:  prefix ....................: selected_
2018-11-02T12:23:58:  usepnt ....................: no
2018-11-02T12:23:58:  ra ........................: 329.719
2018-11-02T12:23:58:  dec .......................: -30.2217
2018-11-02T12:23:58:  rad .......................: 5
2018-11-02T12:23:58:  tmin ......................: 0
2018-11-02T12:23:58:  tmax ......................: 10
2018-11-02T12:23:58:  emin ......................: 0.03
2018-11-02T12:23:58:  emax ......................: 0.1
2018-11-02T12:23:58:  phase .....................: NONE
2018-11-02T12:23:58:  expr ......................: 
2018-11-02T12:23:58:  usethres ..................: NONE
2018-11-02T12:23:58:  publish ...................: no
2018-11-02T12:23:58:  chatter ...................: 2
2018-11-02T12:23:58:  clobber ...................: yes
2018-11-02T12:23:58:  debug .....................: no
2018-11-02T12:23:58:  mode ......................: ql
2018-11-02T12:23:58:  logfile ...................: ctselect.log
2018-11-02T12:23:58: 
2018-11-02T12:23:58: +===================+
2018-11-02T12:23:58: | Input observation |
2018-11-02T12:23:58: +===================+
2018-11-02T12:23:58: === GObservations ===
2018-11-02T12:23:58:  Number of observations ....: 1
2018-11-02T12:23:58:  Number of models ..........: 0
2018-11-02T12:23:58:  Number of observed events .: 305745
2018-11-02T12:23:58:  Number of predicted events : 0
2018-11-02T12:23:58: 
2018-11-02T12:23:58: +=================+
2018-11-02T12:23:58: | Event selection |
2018-11-02T12:23:58: +=================+
2018-11-02T12:23:58: === CTA observation (id=000001) ===
2018-11-02T12:23:58:  Input filename ............: events.fits
2018-11-02T12:23:58:  Event extension name ......: EVENTS
2018-11-02T12:23:58:  GTI extension name ........: GTI
2018-11-02T12:23:59: === Event selection ===
2018-11-02T12:23:59:  Time range (MJD) ..........: 51544.5 - 51544.5001157407 days
2018-11-02T12:23:59:  Time range (UTC) ..........: 2000-01-01T11:58:56 - 2000-01-01T11:59:06
2018-11-02T12:23:59:  Time range (MET) ..........: 0 - 10 seconds
2018-11-02T12:23:59:  Selected energy range .....: 0.03 - 0.1 TeV
2018-11-02T12:23:59:  Requested RoI .............: Centre(RA,DEC)=(329.719, -30.2217) deg, Radius=5 deg
2018-11-02T12:23:59:  RoI of data ...............: Centre(RA,DEC)=(329.719, -30.2217) deg, Radius=5 deg
2018-11-02T12:23:59:  Selected RoI ..............: Centre(RA,DEC)=(329.719, -30.2217) deg, Radius=5 deg
2018-11-02T12:23:59:  cfitsio selection .........: TIME >= 0.00000000 && TIME <= 10.00000000 && ENERGY >= 0.03000000 && ENERGY <= 0.10000000 && ANGSEP(329.719000,-30.221700,RA,DEC) <= 5.000000
2018-11-02T12:23:59:  FITS filename .............: /var/tmp/tmp.0.O8wrZA[EVENTS][TIME >= 0.00000000 && TIME <= 10.00000000 && ENERGY >= 0.03000000 && ENERGY <= 0.10000000 && ANGSEP(329.719000,-30.221700,RA,DEC) <= 5.000000]
2018-11-02T12:24:00: 
2018-11-02T12:24:00: +====================+
2018-11-02T12:24:00: | Output observation |
2018-11-02T12:24:00: +====================+
2018-11-02T12:24:00: === GObservations ===
2018-11-02T12:24:00:  Number of observations ....: 1
2018-11-02T12:24:00:  Number of models ..........: 0
2018-11-02T12:24:00:  Number of observed events .: 1521
2018-11-02T12:24:00:  Number of predicted events : 0
2018-11-02T12:24:00: 
2018-11-02T12:24:00: +=================+
2018-11-02T12:24:00: | Save event list |
2018-11-02T12:24:00: +=================+
2018-11-02T12:24:00:  Event list file ...........: selected_events.fits[EVENTS]
2018-11-02T12:24:00: 
2018-11-02T12:24:00: Application "ctselect" terminated after 13 wall clock seconds, consuming 1.52443 seconds of CPU time.
