2017-11-02T09:43:00: ********************************************************************************
2017-11-02T09:43:00: *                                     ctbin                                    *
2017-11-02T09:43:00: * ---------------------------------------------------------------------------- *
2017-11-02T09:43:00: * Version: 1.3.0                                                               *
2017-11-02T09:43:00: ********************************************************************************
2017-11-02T09:45:11: +============+
2017-11-02T09:45:11: | Parameters |
2017-11-02T09:45:11: +============+
2017-11-02T09:45:11:  inobs .....................: events.fits
2017-11-02T09:45:11:  outcube ...................: cntcube.fits
2017-11-02T09:45:11:  ebinalg ...................: LOG
2017-11-02T09:45:11:  emin ......................: 0.03
2017-11-02T09:45:11:  emax ......................: 100.0
2017-11-02T09:45:11:  enumbins ..................: 10
2017-11-02T09:45:11:  ebinfile ..................: [not queried]
2017-11-02T09:45:11:  usepnt ....................: no
2017-11-02T09:45:11:  nxpix .....................: 200
2017-11-02T09:45:11:  nypix .....................: 200
2017-11-02T09:45:11:  binsz .....................: 0.02
2017-11-02T09:45:11:  coordsys ..................: GAL
2017-11-02T09:45:11:  proj ......................: CAR
2017-11-02T09:45:11:  xref ......................: 173.1367
2017-11-02T09:45:11:  yref ......................: 27.6989
2017-11-02T09:45:11:  publish ...................: no
2017-11-02T09:45:11:  chatter ...................: 2
2017-11-02T09:45:11:  clobber ...................: yes
2017-11-02T09:45:11:  debug .....................: no
2017-11-02T09:45:11:  mode ......................: ql
2017-11-02T09:45:11:  logfile ...................: ctbin.log
2017-11-02T09:45:11: 
2017-11-02T09:45:11: +===================+
2017-11-02T09:45:11: | Input observation |
2017-11-02T09:45:11: +===================+
2017-11-02T09:45:11: === GObservations ===
2017-11-02T09:45:11:  Number of observations ....: 1
2017-11-02T09:45:11:  Number of models ..........: 0
2017-11-02T09:45:11:  Number of observed events .: 6817
2017-11-02T09:45:11:  Number of predicted events : 0
2017-11-02T09:45:11: 
2017-11-02T09:45:11: +=================+
2017-11-02T09:45:11: | Bin observation |
2017-11-02T09:45:11: +=================+
2017-11-02T09:45:11: === CTA observation ===
2017-11-02T09:45:11:  Events in list ............: 6817
2017-11-02T09:45:11:  Events in cube ............: 0
2017-11-02T09:45:11:  Events outside RoI ........: 0
2017-11-02T09:45:11:  Events with invalid WCS ...: 0
2017-11-02T09:45:11:  Events outside cube area ..: 6817
2017-11-02T09:45:11:  Events outside energy bins : 0
2017-11-02T09:45:11: 
2017-11-02T09:45:11: +====================+
2017-11-02T09:45:11: | Binned observation |
2017-11-02T09:45:11: +====================+
2017-11-02T09:45:11: === GObservations ===
2017-11-02T09:45:11:  Number of observations ....: 1
2017-11-02T09:45:11:  Number of models ..........: 0
2017-11-02T09:45:11:  Number of observed events .: 0
2017-11-02T09:45:11:  Number of predicted events : 0
2017-11-02T09:45:11: 
2017-11-02T09:45:11: +==================+
2017-11-02T09:45:11: | Save counts cube |
2017-11-02T09:45:11: +==================+
2017-11-02T09:45:11:  Counts cube file ..........: cntcube.fits
2017-11-02T09:45:12: 
2017-11-02T09:45:12: Application "ctbin" terminated after 132 wall clock seconds, consuming 0.179891 seconds of CPU time.
