2017-11-02T09:39:18: ********************************************************************************
2017-11-02T09:39:18: *                                   ctobssim                                   *
2017-11-02T09:39:18: * ---------------------------------------------------------------------------- *
2017-11-02T09:39:18: * Version: 1.3.0                                                               *
2017-11-02T09:39:18: ********************************************************************************
2017-11-02T09:42:20: +============+
2017-11-02T09:42:20: | Parameters |
2017-11-02T09:42:20: +============+
2017-11-02T09:42:20:  inobs .....................: NONE
2017-11-02T09:42:20:  inmodel ...................: grb130427A_T0_100s.xml
2017-11-02T09:42:20:  caldb .....................: prod2
2017-11-02T09:42:20:  irf .......................: South_0.5h
2017-11-02T09:42:20:  edisp .....................: no
2017-11-02T09:42:20:  outevents .................: events.fits
2017-11-02T09:42:20:  prefix ....................: sim_events_
2017-11-02T09:42:20:  startindex ................: 1
2017-11-02T09:42:20:  seed ......................: 1
2017-11-02T09:42:20:  ra ........................: 173.1367
2017-11-02T09:42:20:  dec .......................: 27.6989
2017-11-02T09:42:20:  rad .......................: 5.0
2017-11-02T09:42:20:  tmin ......................: 0.0
2017-11-02T09:42:20:  tmax ......................: 10.
2017-11-02T09:42:20:  emin ......................: 0.030
2017-11-02T09:42:20:  emax ......................: 100.0
2017-11-02T09:42:20:  deadc .....................: 0.98
2017-11-02T09:42:20:  maxrate ...................: 1.0e6
2017-11-02T09:42:20:  eslices ...................: 10
2017-11-02T09:42:20:  publish ...................: no
2017-11-02T09:42:20:  chatter ...................: 2
2017-11-02T09:42:20:  clobber ...................: yes
2017-11-02T09:42:20:  debug .....................: no
2017-11-02T09:42:20:  mode ......................: ql
2017-11-02T09:42:20:  logfile ...................: ctobssim.log
2017-11-02T09:42:20: 
2017-11-02T09:42:20: +================+
2017-11-02T09:42:20: | Execution mode |
2017-11-02T09:42:20: +================+
2017-11-02T09:42:20:  Event list management .....: Save and dispose (reduces memory needs)
2017-11-02T09:42:20:  Output format .............: Write single event list FITS file
2017-11-02T09:42:20: 
2017-11-02T09:42:20: +=============+
2017-11-02T09:42:20: | Seed values |
2017-11-02T09:42:20: +=============+
2017-11-02T09:42:20:  Seed 0 ....................: 9717486569
2017-11-02T09:42:20: 
2017-11-02T09:42:20: +===================+
2017-11-02T09:42:20: | Input observation |
2017-11-02T09:42:20: +===================+
2017-11-02T09:42:20: === GObservations ===
2017-11-02T09:42:20:  Number of observations ....: 1
2017-11-02T09:42:20:  Number of models ..........: 2
2017-11-02T09:42:20:  Number of observed events .: 0
2017-11-02T09:42:20:  Number of predicted events : 0
2017-11-02T09:42:20: 
2017-11-02T09:42:20: +======================+
2017-11-02T09:42:20: | Simulate observation |
2017-11-02T09:42:20: +======================+
2017-11-02T09:42:27:  MC identifier 1 ...........: GRB130427A
2017-11-02T09:42:27:  MC identifier 2 ...........: CTABackgroundModel
2017-11-02T09:42:20: === CTA observation ===
2017-11-02T09:42:20:  Simulation cone ...........: RA=173.137 deg, Dec=27.6989 deg, radius=5.5 deg
2017-11-02T09:42:20:  Time interval .............: 0 - 10 s
2017-11-02T09:42:20:  Photon energy range .......: 30 GeV - 67.5163769541069 GeV
2017-11-02T09:42:20:  Event energy range ........: 30 GeV - 67.5163769541069 GeV
2017-11-02T09:42:20:   Simulation area ..........: 1.79626e+09 cm2
2017-11-02T09:42:20:   Use model ................: GRB130427A
2017-11-02T09:42:20:   Normalization ............: 1 [GRB130427A]
2017-11-02T09:42:20:   Flux .....................: 2.65191e-07 [GRB130427A] photons/cm2/s
2017-11-02T09:42:20:   Normalized flux ..........: 2.65191e-07 [GRB130427A] photons/cm2/s
2017-11-02T09:42:20:   Photon rate ..............: 476.351 photons/s [GRB130427A]
2017-11-02T09:42:20:   MC source photons ........: 4766 [GRB130427A]
2017-11-02T09:42:20:   MC source events .........: 1164 [GRB130427A]
2017-11-02T09:42:20:   MC source events .........: 1164 (all source models)
2017-11-02T09:42:20:  Photon energy range .......: 67.5163769541069 GeV - 151.948705233635 GeV
2017-11-02T09:42:20:  Event energy range ........: 67.5163769541069 GeV - 151.948705233635 GeV
2017-11-02T09:42:20:   Simulation area ..........: 4.39457e+09 cm2
2017-11-02T09:42:20:   Use model ................: GRB130427A
2017-11-02T09:42:20:   Normalization ............: 1 [GRB130427A]
2017-11-02T09:42:20:   Flux .....................: 1.00187e-07 [GRB130427A] photons/cm2/s
2017-11-02T09:42:20:   Normalized flux ..........: 1.00187e-07 [GRB130427A] photons/cm2/s
2017-11-02T09:42:20:   Photon rate ..............: 440.28 photons/s [GRB130427A]
2017-11-02T09:42:20:   MC source photons ........: 4446 [GRB130427A]
2017-11-02T09:42:20:   MC source events .........: 1442 [GRB130427A]
2017-11-02T09:42:20:   MC source events .........: 1442 (all source models)
2017-11-02T09:42:20:  Photon energy range .......: 151.948705233635 GeV - 341.967535341421 GeV
2017-11-02T09:42:20:  Event energy range ........: 151.948705233635 GeV - 341.967535341421 GeV
2017-11-02T09:42:20:   Simulation area ..........: 9.96713e+09 cm2
2017-11-02T09:42:20:   Use model ................: GRB130427A
2017-11-02T09:42:20:   Normalization ............: 1 [GRB130427A]
2017-11-02T09:42:20:   Flux .....................: 3.78501e-08 [GRB130427A] photons/cm2/s
2017-11-02T09:42:20:   Normalized flux ..........: 3.78501e-08 [GRB130427A] photons/cm2/s
2017-11-02T09:42:20:   Photon rate ..............: 377.257 photons/s [GRB130427A]
2017-11-02T09:42:20:   MC source photons ........: 3734 [GRB130427A]
2017-11-02T09:42:20:   MC source events .........: 1158 [GRB130427A]
2017-11-02T09:42:20:   MC source events .........: 1158 (all source models)
2017-11-02T09:42:20:  Photon energy range .......: 341.967535341421 GeV - 769.613634072608 GeV
2017-11-02T09:42:20:  Event energy range ........: 341.967535341421 GeV - 769.613634072608 GeV
2017-11-02T09:42:20:   Simulation area ..........: 1.97002e+10 cm2
2017-11-02T09:42:20:   Use model ................: GRB130427A
2017-11-02T09:42:20:   Normalization ............: 1 [GRB130427A]
2017-11-02T09:42:20:   Flux .....................: 1.42995e-08 [GRB130427A] photons/cm2/s
2017-11-02T09:42:20:   Normalized flux ..........: 1.42995e-08 [GRB130427A] photons/cm2/s
2017-11-02T09:42:20:   Photon rate ..............: 281.704 photons/s [GRB130427A]
2017-11-02T09:42:20:   MC source photons ........: 2844 [GRB130427A]
2017-11-02T09:42:20:   MC source events .........: 945 [GRB130427A]
2017-11-02T09:42:20:   MC source events .........: 945 (all source models)
2017-11-02T09:42:20:  Photon energy range .......: 769.613634072608 GeV - 1.73205080756888 TeV
2017-11-02T09:42:20:  Event energy range ........: 769.613634072608 GeV - 1.73205080756888 TeV
2017-11-02T09:42:20:   Simulation area ..........: 3.83962e+10 cm2
2017-11-02T09:42:20:   Use model ................: GRB130427A
2017-11-02T09:42:20:   Normalization ............: 1 [GRB130427A]
2017-11-02T09:42:20:   Flux .....................: 5.40227e-09 [GRB130427A] photons/cm2/s
2017-11-02T09:42:20:   Normalized flux ..........: 5.40227e-09 [GRB130427A] photons/cm2/s
2017-11-02T09:42:20:   Photon rate ..............: 207.427 photons/s [GRB130427A]
2017-11-02T09:42:20:   MC source photons ........: 2092 [GRB130427A]
2017-11-02T09:42:20:   MC source events .........: 717 [GRB130427A]
2017-11-02T09:42:20:   MC source events .........: 717 (all source models)
2017-11-02T09:42:20:  Photon energy range .......: 1.73205080756888 TeV - 3.89805984091619 TeV
2017-11-02T09:42:20:  Event energy range ........: 1.73205080756888 TeV - 3.89805984091619 TeV
2017-11-02T09:42:20:   Simulation area ..........: 6.10885e+10 cm2
2017-11-02T09:42:20:   Use model ................: GRB130427A
2017-11-02T09:42:20:   Normalization ............: 1 [GRB130427A]
2017-11-02T09:42:20:   Flux .....................: 2.04094e-09 [GRB130427A] photons/cm2/s
2017-11-02T09:42:20:   Normalized flux ..........: 2.04094e-09 [GRB130427A] photons/cm2/s
2017-11-02T09:42:20:   Photon rate ..............: 124.678 photons/s [GRB130427A]
2017-11-02T09:42:20:   MC source photons ........: 1273 [GRB130427A]
2017-11-02T09:42:20:   MC source events .........: 462 [GRB130427A]
2017-11-02T09:42:20:   MC source events .........: 462 (all source models)
2017-11-02T09:42:20:  Photon energy range .......: 3.89805984091619 TeV - 8.77276258696545 TeV
2017-11-02T09:42:20:  Event energy range ........: 3.89805984091619 TeV - 8.77276258696545 TeV
2017-11-02T09:42:20:   Simulation area ..........: 7.53011e+10 cm2
2017-11-02T09:42:20:   Use model ................: GRB130427A
2017-11-02T09:42:20:   Normalization ............: 1 [GRB130427A]
2017-11-02T09:42:20:   Flux .....................: 7.71055e-10 [GRB130427A] photons/cm2/s
2017-11-02T09:42:20:   Normalized flux ..........: 7.71055e-10 [GRB130427A] photons/cm2/s
2017-11-02T09:42:20:   Photon rate ..............: 58.0613 photons/s [GRB130427A]
2017-11-02T09:42:20:   MC source photons ........: 609 [GRB130427A]
2017-11-02T09:42:20:   MC source events .........: 268 [GRB130427A]
2017-11-02T09:42:20:   MC source events .........: 268 (all source models)
2017-11-02T09:42:20:  Photon energy range .......: 8.77276258696545 TeV - 19.7435048583482 TeV
2017-11-02T09:42:20:  Event energy range ........: 8.77276258696545 TeV - 19.7435048583482 TeV
2017-11-02T09:42:20:   Simulation area ..........: 8.0456e+10 cm2
2017-11-02T09:42:20:   Use model ................: GRB130427A
2017-11-02T09:42:20:   Normalization ............: 1 [GRB130427A]
2017-11-02T09:42:20:   Flux .....................: 2.913e-10 [GRB130427A] photons/cm2/s
2017-11-02T09:42:20:   Normalized flux ..........: 2.913e-10 [GRB130427A] photons/cm2/s
2017-11-02T09:42:20:   Photon rate ..............: 23.4368 photons/s [GRB130427A]
2017-11-02T09:42:20:   MC source photons ........: 229 [GRB130427A]
2017-11-02T09:42:20:   MC source events .........: 95 [GRB130427A]
2017-11-02T09:42:20:   MC source events .........: 95 (all source models)
2017-11-02T09:42:20:  Photon energy range .......: 19.7435048583482 TeV - 44.4336638803826 TeV
2017-11-02T09:42:20:  Event energy range ........: 19.7435048583482 TeV - 44.4336638803826 TeV
2017-11-02T09:42:20:   Simulation area ..........: 8.07799e+10 cm2
2017-11-02T09:42:20:   Use model ................: GRB130427A
2017-11-02T09:42:20:   Normalization ............: 1 [GRB130427A]
2017-11-02T09:42:20:   Flux .....................: 1.10051e-10 [GRB130427A] photons/cm2/s
2017-11-02T09:42:20:   Normalized flux ..........: 1.10051e-10 [GRB130427A] photons/cm2/s
2017-11-02T09:42:20:   Photon rate ..............: 8.88992 photons/s [GRB130427A]
2017-11-02T09:42:20:   MC source photons ........: 85 [GRB130427A]
2017-11-02T09:42:20:   MC source events .........: 45 [GRB130427A]
2017-11-02T09:42:20:   MC source events .........: 45 (all source models)
2017-11-02T09:42:20:  Photon energy range .......: 44.4336638803826 TeV - 100 TeV
2017-11-02T09:42:20:  Event energy range ........: 44.4336638803826 TeV - 100 TeV
2017-11-02T09:42:20:   Simulation area ..........: 8.25584e+10 cm2
2017-11-02T09:42:20:   Use model ................: GRB130427A
2017-11-02T09:42:20:   Normalization ............: 1 [GRB130427A]
2017-11-02T09:42:20:   Flux .....................: 4.15766e-11 [GRB130427A] photons/cm2/s
2017-11-02T09:42:20:   Normalized flux ..........: 4.15766e-11 [GRB130427A] photons/cm2/s
2017-11-02T09:42:20:   Photon rate ..............: 3.4325 photons/s [GRB130427A]
2017-11-02T09:42:20:   MC source photons ........: 46 [GRB130427A]
2017-11-02T09:42:20:   MC source events .........: 15 [GRB130427A]
2017-11-02T09:42:20:   MC source events .........: 15 (all source models)
2017-11-02T09:42:20:  MC source photons .........: 20124 [GRB130427A]
2017-11-02T09:42:20:  MC source events ..........: 6311 [GRB130427A]
2017-11-02T09:42:27:  MC events outside ROI .....: 0
2017-11-02T09:42:27:  MC background events ......: 506
2017-11-02T09:42:27:  MC events .................: 6817 (all models)
2017-11-02T09:42:28: 
2017-11-02T09:42:28: +==================+
2017-11-02T09:42:28: | Save observation |
2017-11-02T09:42:28: +==================+
2017-11-02T09:42:28: 
2017-11-02T09:42:28: Application "ctobssim" terminated after 190 wall clock seconds, consuming 7.07702 seconds of CPU time.
